2025-01-22 17:50:38,573 INFO  -> (main) [org.jboss.ws.server.ServiceEndpointManager] WebServices: jbossws-1.0.3.SP1 (date=200609291417)
2025-01-22 17:50:41,228 INFO  -> (main) [org.apache.catalina.startup.Embedded] Catalina naming disabled
2025-01-22 17:50:41,248 INFO  -> (main) [org.apache.catalina.startup.ClusterRuleSetFactory] Unable to find a cluster rule set in the classpath. Will load the default rule set.
2025-01-22 17:50:41,249 INFO  -> (main) [org.apache.catalina.startup.ClusterRuleSetFactory] Unable to find a cluster rule set in the classpath. Will load the default rule set.
2025-01-22 17:50:41,365 INFO  -> (main) [org.apache.coyote.http11.Http11BaseProtocol] Initializing Coyote HTTP/1.1 on http-0.0.0.0-8180
2025-01-22 17:50:41,366 INFO  -> (main) [org.apache.catalina.startup.Catalina] Initialization processed in 117 ms
2025-01-22 17:50:41,366 INFO  -> (main) [org.jboss.web.tomcat.tc5.StandardService] Starting service jboss.web
2025-01-22 17:50:41,369 INFO  -> (main) [org.apache.catalina.core.StandardEngine] Starting Servlet Engine: Apache Tomcat/5.5.20
2025-01-22 17:50:41,395 INFO  -> (main) [org.apache.catalina.core.StandardHost] XML validation disabled
2025-01-22 17:50:41,408 INFO  -> (main) [org.apache.catalina.startup.Catalina] Server startup in 42 ms
2025-01-22 17:50:41,534 INFO  -> (main) [org.jboss.web.tomcat.tc5.TomcatDeployer] deploy, ctxPath=/invoker, warUrl=.../deploy/http-invoker.sar/invoker.war/
2025-01-22 17:50:41,697 INFO  -> (main) [org.apache.catalina.loader.WebappLoader] Dual registration of jndi stream handler: factory already defined
2025-01-22 17:50:41,910 INFO  -> (main) [org.jboss.web.tomcat.tc5.TomcatDeployer] deploy, ctxPath=/, warUrl=.../deploy/jbossweb-tomcat55.sar/ROOT.war/
2025-01-22 17:50:41,991 INFO  -> (main) [org.jboss.web.tomcat.tc5.TomcatDeployer] deploy, ctxPath=/jbossws, warUrl=.../tmp/deploy/tmp6811737260781346890jbossws-context-exp.war/
2025-01-22 17:50:42,054 INFO  -> (main) [org.jboss.web.tomcat.tc5.TomcatDeployer] deploy, ctxPath=/jbossmq-httpil, warUrl=.../deploy/jms/jbossmq-httpil.sar/jbossmq-httpil.war/
2025-01-22 17:50:42,457 INFO  -> (main) [org.jboss.web.tomcat.tc5.TomcatDeployer] deploy, ctxPath=/web-console, warUrl=.../deploy/management/console-mgr.sar/web-console.war/
2025-01-22 17:50:42,727 INFO  -> (main) [org.jboss.mail.MailService] Mail Service bound to java:/Mail
2025-01-22 17:50:42,817 INFO  -> (main) [org.jboss.resource.deployment.RARDeployment] Required license terms exist, view META-INF/ra.xml in .../deploy/jboss-ha-local-jdbc.rar
2025-01-22 17:50:42,833 INFO  -> (main) [org.jboss.resource.deployment.RARDeployment] Required license terms exist, view META-INF/ra.xml in .../deploy/jboss-ha-xa-jdbc.rar
2025-01-22 17:50:42,843 INFO  -> (main) [org.jboss.resource.deployment.RARDeployment] Required license terms exist, view META-INF/ra.xml in .../deploy/jboss-local-jdbc.rar
2025-01-22 17:50:42,855 INFO  -> (main) [org.jboss.resource.deployment.RARDeployment] Required license terms exist, view META-INF/ra.xml in .../deploy/jboss-xa-jdbc.rar
2025-01-22 17:50:42,869 INFO  -> (main) [org.jboss.resource.deployment.RARDeployment] Required license terms exist, view META-INF/ra.xml in .../deploy/jms/jms-ra.rar
2025-01-22 17:50:42,892 INFO  -> (main) [org.jboss.resource.deployment.RARDeployment] Required license terms exist, view META-INF/ra.xml in .../deploy/mail-ra.rar
2025-01-22 17:50:43,192 INFO  -> (main) [org.jboss.resource.adapter.jdbc.remote.WrapperDataSourceService] Bound ConnectionManager 'jboss.jca:service=DataSourceBinding,name=DefaultDS' to JNDI name 'java:DefaultDS'
2025-01-22 17:50:43,343 INFO  -> (main) [org.jboss.resource.connectionmanager.ConnectionFactoryBindingService] Bound ConnectionManager 'jboss.jca:service=ConnectionFactoryBinding,name=JmsXA' to JNDI name 'java:JmsXA'
2025-01-22 17:50:43,389 INFO  -> (main) [org.jboss.resource.adapter.jdbc.remote.WrapperDataSourceService] Bound ConnectionManager 'jboss.jca:service=DataSourceBinding,name=MySqlDS' to JNDI name 'java:MySqlDS'
2025-01-22 17:50:43,883 INFO  -> (main) [org.jboss.mq.server.jmx.Queue.ExportManager] Bound to JNDI name: queue/ExportManager
2025-01-22 17:50:43,886 INFO  -> (main) [org.jboss.mq.server.jmx.Queue.FileCopy] Bound to JNDI name: queue/FileCopy
2025-01-22 17:50:43,890 INFO  -> (main) [org.jboss.mq.server.jmx.Queue.PurgeStudy] Bound to JNDI name: queue/PurgeStudy
2025-01-22 17:50:43,912 INFO  -> (main) [org.jboss.mq.server.jmx.Queue.HL7Send] Bound to JNDI name: queue/HL7Send
2025-01-22 17:50:43,915 INFO  -> (main) [org.jboss.mq.server.jmx.Queue.IANScu] Bound to JNDI name: queue/IANScu
2025-01-22 17:50:43,918 INFO  -> (main) [org.jboss.mq.server.jmx.Queue.MCMScu] Bound to JNDI name: queue/MCMScu
2025-01-22 17:50:43,920 INFO  -> (main) [org.jboss.mq.server.jmx.Queue.MoveScu] Bound to JNDI name: queue/MoveScu
2025-01-22 17:50:43,923 INFO  -> (main) [org.jboss.mq.server.jmx.Queue.MPPSScu] Bound to JNDI name: queue/MPPSScu
2025-01-22 17:50:43,926 INFO  -> (main) [org.jboss.mq.server.jmx.Queue.PPSExceptionMgt] Bound to JNDI name: queue/PPSExceptionMgt
2025-01-22 17:50:43,929 INFO  -> (main) [org.jboss.mq.server.jmx.Queue.PPSScu] Bound to JNDI name: queue/PPSScu
2025-01-22 17:50:43,932 INFO  -> (main) [org.jboss.mq.server.jmx.Queue.Prefetch] Bound to JNDI name: queue/Prefetch
2025-01-22 17:50:43,935 INFO  -> (main) [org.jboss.mq.server.jmx.Queue.Sendmail] Bound to JNDI name: queue/Sendmail
2025-01-22 17:50:43,938 INFO  -> (main) [org.jboss.mq.server.jmx.Queue.StgCmtScuScp] Bound to JNDI name: queue/StgCmtScuScp
2025-01-22 17:50:43,940 INFO  -> (main) [org.jboss.mq.server.jmx.Queue.StudyMgtScu] Bound to JNDI name: queue/StudyMgtScu
2025-01-22 17:50:43,943 INFO  -> (main) [org.jboss.mq.server.jmx.Queue.A] Bound to JNDI name: queue/A
2025-01-22 17:50:43,945 INFO  -> (main) [org.jboss.mq.server.jmx.Queue.B] Bound to JNDI name: queue/B
2025-01-22 17:50:43,947 INFO  -> (main) [org.jboss.mq.server.jmx.Queue.C] Bound to JNDI name: queue/C
2025-01-22 17:50:43,949 INFO  -> (main) [org.jboss.mq.server.jmx.Queue.D] Bound to JNDI name: queue/D
2025-01-22 17:50:43,950 INFO  -> (main) [org.jboss.mq.server.jmx.Queue.ex] Bound to JNDI name: queue/ex
2025-01-22 17:50:44,016 INFO  -> (main) [org.jboss.mq.il.uil2.UILServerILService] JBossMQ UIL service available at : /0.0.0.0:8093
2025-01-22 17:50:44,047 INFO  -> (main) [org.jboss.mq.server.jmx.Topic.testTopic] Bound to JNDI name: topic/testTopic
2025-01-22 17:50:44,048 INFO  -> (main) [org.jboss.mq.server.jmx.Topic.securedTopic] Bound to JNDI name: topic/securedTopic
2025-01-22 17:50:44,049 INFO  -> (main) [org.jboss.mq.server.jmx.Topic.testDurableTopic] Bound to JNDI name: topic/testDurableTopic
2025-01-22 17:50:44,052 INFO  -> (main) [org.jboss.mq.server.jmx.Queue.testQueue] Bound to JNDI name: queue/testQueue
2025-01-22 17:50:44,054 INFO  -> (main) [org.jboss.mq.server.jmx.Queue.DLQ] Bound to JNDI name: queue/DLQ
2025-01-22 17:50:44,153 INFO  -> (main) [org.jboss.ejb.EjbModule] Deploying AuditRecord
2025-01-22 17:50:44,208 INFO  -> (main) [org.jboss.ejb.EjbModule] Deploying QueryAuditRecord
2025-01-22 17:50:44,217 INFO  -> (main) [org.jboss.ejb.EjbModule] Deploying StoreAuditRecord
2025-01-22 17:50:44,653 INFO  -> (main) [org.jboss.ejb.plugins.local.BaseLocalProxyFactory] Bound EJB LocalHome 'AuditRecord' to jndi 'ejb/AuditRecord'
2025-01-22 17:50:44,663 INFO  -> (main) [org.jboss.ejb.plugins.local.BaseLocalProxyFactory] Bound EJB LocalHome 'QueryAuditRecord' to jndi 'ejb/QueryAuditRecord'
2025-01-22 17:50:44,668 INFO  -> (main) [org.jboss.ejb.plugins.local.BaseLocalProxyFactory] Bound EJB LocalHome 'StoreAuditRecord' to jndi 'ejb/StoreAuditRecord'
2025-01-22 17:50:44,674 INFO  -> (Thread-7) [org.dcm4cheri.server.UDPServerImpl] Started UDP Server listening on 0.0.0.0/0.0.0.0:4000
2025-01-22 17:50:44,704 INFO  -> (main) [org.dcm4chex.arr.ejb.session.StoreAuditRecordBean] Store AuditRecord[type=ActorStartStop, host=atvdi, timestamp=2025-01-22 17:50:44.704]
2025-01-22 17:50:44,725 ERROR -> (main) [org.jboss.ejb.plugins.LogInterceptor] TransactionRolledbackLocalException in method: public abstract org.dcm4chex.arr.ejb.entity.AuditRecordLocal org.dcm4chex.arr.ejb.entity.AuditRecordLocalHome.create(java.lang.String,java.lang.String,java.sql.Timestamp,java.lang.String,java.lang.String,java.lang.String,java.lang.String,java.lang.String) throws javax.ejb.CreateException, causedBy:
java.lang.reflect.InvocationTargetException
	at sun.reflect.NativeMethodAccessorImpl.invoke0(Native Method)
	at sun.reflect.NativeMethodAccessorImpl.invoke(NativeMethodAccessorImpl.java:39)
	at sun.reflect.DelegatingMethodAccessorImpl.invoke(DelegatingMethodAccessorImpl.java:25)
	at java.lang.reflect.Method.invoke(Method.java:592)
	at org.jboss.ejb.plugins.cmp.jdbc.keygen.JDBCMySQLCreateCommand.executeInsert(JDBCMySQLCreateCommand.java:135)
	at org.jboss.ejb.plugins.cmp.jdbc.JDBCAbstractCreateCommand.performInsert(JDBCAbstractCreateCommand.java:321)
	at org.jboss.ejb.plugins.cmp.jdbc.JDBCAbstractCreateCommand.execute(JDBCAbstractCreateCommand.java:151)
	at org.jboss.ejb.plugins.cmp.jdbc.JDBCStoreManager.createEntity(JDBCStoreManager.java:587)
	at org.jboss.ejb.plugins.CMPPersistenceManager.createEntity(CMPPersistenceManager.java:237)
	at org.jboss.resource.connectionmanager.CachedConnectionInterceptor.createEntity(CachedConnectionInterceptor.java:225)
	at org.jboss.ejb.EntityContainer.createLocalHome(EntityContainer.java:625)
	at sun.reflect.NativeMethodAccessorImpl.invoke0(Native Method)
	at sun.reflect.NativeMethodAccessorImpl.invoke(NativeMethodAccessorImpl.java:39)
	at sun.reflect.DelegatingMethodAccessorImpl.invoke(DelegatingMethodAccessorImpl.java:25)
	at java.lang.reflect.Method.invoke(Method.java:592)
	at org.jboss.invocation.Invocation.performCall(Invocation.java:359)
	at org.jboss.ejb.EntityContainer$ContainerInterceptor.invokeHome(EntityContainer.java:1126)
	at org.jboss.ejb.plugins.AbstractInterceptor.invokeHome(AbstractInterceptor.java:105)
	at org.jboss.ejb.plugins.EntitySynchronizationInterceptor.invokeHome(EntitySynchronizationInterceptor.java:203)
	at org.jboss.resource.connectionmanager.CachedConnectionInterceptor.invokeHome(CachedConnectionInterceptor.java:189)
	at org.jboss.ejb.plugins.AbstractInterceptor.invokeHome(AbstractInterceptor.java:105)
	at org.jboss.ejb.plugins.EntityInstanceInterceptor.invokeHome(EntityInstanceInterceptor.java:134)
	at org.jboss.ejb.plugins.EntityLockInterceptor.invokeHome(EntityLockInterceptor.java:76)
	at org.jboss.ejb.plugins.EntityCreationInterceptor.invokeHome(EntityCreationInterceptor.java:43)
	at org.jboss.ejb.plugins.CallValidationInterceptor.invokeHome(CallValidationInterceptor.java:56)
	at org.jboss.ejb.plugins.AbstractTxInterceptor.invokeNext(AbstractTxInterceptor.java:125)
	at org.jboss.ejb.plugins.TxInterceptorCMT.runWithTransactions(TxInterceptorCMT.java:350)
	at org.jboss.ejb.plugins.TxInterceptorCMT.invokeHome(TxInterceptorCMT.java:161)
	at org.jboss.ejb.plugins.SecurityInterceptor.invokeHome(SecurityInterceptor.java:145)
	at org.jboss.ejb.plugins.LogInterceptor.invokeHome(LogInterceptor.java:132)
	at org.jboss.ejb.plugins.ProxyFactoryFinderInterceptor.invokeHome(ProxyFactoryFinderInterceptor.java:107)
	at org.jboss.ejb.EntityContainer.internalInvokeHome(EntityContainer.java:521)
	at org.jboss.ejb.Container.invoke(Container.java:975)
	at org.jboss.ejb.plugins.local.BaseLocalProxyFactory.invokeHome(BaseLocalProxyFactory.java:359)
	at org.jboss.ejb.plugins.local.LocalHomeProxy.invoke(LocalHomeProxy.java:133)
	at $Proxy56.create(Unknown Source)
	at org.dcm4chex.arr.ejb.session.StoreAuditRecordBean.store(StoreAuditRecordBean.java:131)
	at sun.reflect.NativeMethodAccessorImpl.invoke0(Native Method)
	at sun.reflect.NativeMethodAccessorImpl.invoke(NativeMethodAccessorImpl.java:39)
	at sun.reflect.DelegatingMethodAccessorImpl.invoke(DelegatingMethodAccessorImpl.java:25)
	at java.lang.reflect.Method.invoke(Method.java:592)
	at org.jboss.invocation.Invocation.performCall(Invocation.java:359)
	at org.jboss.ejb.StatelessSessionContainer$ContainerInterceptor.invoke(StatelessSessionContainer.java:237)
	at org.jboss.resource.connectionmanager.CachedConnectionInterceptor.invoke(CachedConnectionInterceptor.java:158)
	at org.jboss.ejb.plugins.StatelessSessionInstanceInterceptor.invoke(StatelessSessionInstanceInterceptor.java:169)
	at org.jboss.ejb.plugins.CallValidationInterceptor.invoke(CallValidationInterceptor.java:63)
	at org.jboss.ejb.plugins.AbstractTxInterceptor.invokeNext(AbstractTxInterceptor.java:121)
	at org.jboss.ejb.plugins.TxInterceptorCMT.runWithTransactions(TxInterceptorCMT.java:350)
	at org.jboss.ejb.plugins.TxInterceptorCMT.invoke(TxInterceptorCMT.java:181)
	at org.jboss.ejb.plugins.SecurityInterceptor.invoke(SecurityInterceptor.java:168)
	at org.jboss.ejb.plugins.LogInterceptor.invoke(LogInterceptor.java:205)
	at org.jboss.ejb.plugins.ProxyFactoryFinderInterceptor.invoke(ProxyFactoryFinderInterceptor.java:136)
	at org.jboss.ejb.SessionContainer.internalInvoke(SessionContainer.java:648)
	at org.jboss.ejb.Container.invoke(Container.java:954)
	at org.jboss.ejb.plugins.local.BaseLocalProxyFactory.invoke(BaseLocalProxyFactory.java:430)
	at org.jboss.ejb.plugins.local.StatelessSessionProxy.invoke(StatelessSessionProxy.java:103)
	at $Proxy61.store(Unknown Source)
	at org.dcm4chex.arr.mbean.ARRServer.store(ARRServer.java:130)
	at org.dcm4chex.arr.mbean.ARRServer.startService(ARRServer.java:144)
	at org.jboss.system.ServiceMBeanSupport.jbossInternalStart(ServiceMBeanSupport.java:289)
	at org.jboss.system.ServiceMBeanSupport.jbossInternalLifecycle(ServiceMBeanSupport.java:245)
	at sun.reflect.GeneratedMethodAccessor3.invoke(Unknown Source)
	at sun.reflect.DelegatingMethodAccessorImpl.invoke(DelegatingMethodAccessorImpl.java:25)
	at java.lang.reflect.Method.invoke(Method.java:592)
	at org.jboss.mx.interceptor.ReflectedDispatcher.invoke(ReflectedDispatcher.java:155)
	at org.jboss.mx.server.Invocation.dispatch(Invocation.java:94)
	at org.jboss.mx.interceptor.AbstractInterceptor.invoke(AbstractInterceptor.java:133)
	at org.jboss.mx.server.Invocation.invoke(Invocation.java:88)
	at org.jboss.mx.interceptor.ModelMBeanOperationInterceptor.invoke(ModelMBeanOperationInterceptor.java:142)
	at org.jboss.mx.server.Invocation.invoke(Invocation.java:88)
	at org.jboss.mx.server.AbstractMBeanInvoker.invoke(AbstractMBeanInvoker.java:264)
	at org.jboss.mx.server.MBeanServerImpl.invoke(MBeanServerImpl.java:659)
	at org.jboss.system.ServiceController$ServiceProxy.invoke(ServiceController.java:978)
	at $Proxy0.start(Unknown Source)
	at org.jboss.system.ServiceController.start(ServiceController.java:417)
	at org.jboss.system.ServiceController.start(ServiceController.java:435)
	at sun.reflect.GeneratedMethodAccessor10.invoke(Unknown Source)
	at sun.reflect.DelegatingMethodAccessorImpl.invoke(DelegatingMethodAccessorImpl.java:25)
	at java.lang.reflect.Method.invoke(Method.java:592)
	at org.jboss.mx.interceptor.ReflectedDispatcher.invoke(ReflectedDispatcher.java:155)
	at org.jboss.mx.server.Invocation.dispatch(Invocation.java:94)
	at org.jboss.mx.server.Invocation.invoke(Invocation.java:86)
	at org.jboss.mx.server.AbstractMBeanInvoker.invoke(AbstractMBeanInvoker.java:264)
	at org.jboss.mx.server.MBeanServerImpl.invoke(MBeanServerImpl.java:659)
	at org.jboss.mx.util.MBeanProxyExt.invoke(MBeanProxyExt.java:210)
	at $Proxy52.start(Unknown Source)
	at org.jboss.ejb.EjbModule.startService(EjbModule.java:429)
	at org.jboss.system.ServiceMBeanSupport.jbossInternalStart(ServiceMBeanSupport.java:289)
	at org.jboss.system.ServiceMBeanSupport.jbossInternalLifecycle(ServiceMBeanSupport.java:245)
	at sun.reflect.GeneratedMethodAccessor3.invoke(Unknown Source)
	at sun.reflect.DelegatingMethodAccessorImpl.invoke(DelegatingMethodAccessorImpl.java:25)
	at java.lang.reflect.Method.invoke(Method.java:592)
	at org.jboss.mx.interceptor.ReflectedDispatcher.invoke(ReflectedDispatcher.java:155)
	at org.jboss.mx.server.Invocation.dispatch(Invocation.java:94)
	at org.jboss.mx.server.Invocation.invoke(Invocation.java:86)
	at org.jboss.mx.server.AbstractMBeanInvoker.invoke(AbstractMBeanInvoker.java:264)
	at org.jboss.mx.server.MBeanServerImpl.invoke(MBeanServerImpl.java:659)
	at org.jboss.system.ServiceController$ServiceProxy.invoke(ServiceController.java:978)
	at $Proxy0.start(Unknown Source)
	at org.jboss.system.ServiceController.start(ServiceController.java:417)
	at sun.reflect.GeneratedMethodAccessor10.invoke(Unknown Source)
	at sun.reflect.DelegatingMethodAccessorImpl.invoke(DelegatingMethodAccessorImpl.java:25)
	at java.lang.reflect.Method.invoke(Method.java:592)
	at org.jboss.mx.interceptor.ReflectedDispatcher.invoke(ReflectedDispatcher.java:155)
	at org.jboss.mx.server.Invocation.dispatch(Invocation.java:94)
	at org.jboss.mx.server.Invocation.invoke(Invocation.java:86)
	at org.jboss.mx.server.AbstractMBeanInvoker.invoke(AbstractMBeanInvoker.java:264)
	at org.jboss.mx.server.MBeanServerImpl.invoke(MBeanServerImpl.java:659)
	at org.jboss.mx.util.MBeanProxyExt.invoke(MBeanProxyExt.java:210)
	at $Proxy24.start(Unknown Source)
	at org.jboss.ejb.EJBDeployer.start(EJBDeployer.java:662)
	at sun.reflect.NativeMethodAccessorImpl.invoke0(Native Method)
	at sun.reflect.NativeMethodAccessorImpl.invoke(NativeMethodAccessorImpl.java:39)
	at sun.reflect.DelegatingMethodAccessorImpl.invoke(DelegatingMethodAccessorImpl.java:25)
	at java.lang.reflect.Method.invoke(Method.java:592)
	at org.jboss.mx.interceptor.ReflectedDispatcher.invoke(ReflectedDispatcher.java:155)
	at org.jboss.mx.server.Invocation.dispatch(Invocation.java:94)
	at org.jboss.mx.interceptor.AbstractInterceptor.invoke(AbstractInterceptor.java:133)
	at org.jboss.mx.server.Invocation.invoke(Invocation.java:88)
	at org.jboss.mx.interceptor.ModelMBeanOperationInterceptor.invoke(ModelMBeanOperationInterceptor.java:142)
	at org.jboss.mx.interceptor.DynamicInterceptor.invoke(DynamicInterceptor.java:97)
	at org.jboss.system.InterceptorServiceMBeanSupport.invokeNext(InterceptorServiceMBeanSupport.java:238)
	at org.jboss.ws.integration.jboss.DeployerInterceptor.start(DeployerInterceptor.java:92)
	at org.jboss.deployment.SubDeployerInterceptorSupport$XMBeanInterceptor.start(SubDeployerInterceptorSupport.java:188)
	at org.jboss.deployment.SubDeployerInterceptor.invoke(SubDeployerInterceptor.java:95)
	at org.jboss.mx.server.Invocation.invoke(Invocation.java:88)
	at org.jboss.mx.server.AbstractMBeanInvoker.invoke(AbstractMBeanInvoker.java:264)
	at org.jboss.mx.server.MBeanServerImpl.invoke(MBeanServerImpl.java:659)
	at org.jboss.mx.util.MBeanProxyExt.invoke(MBeanProxyExt.java:210)
	at $Proxy25.start(Unknown Source)
	at org.jboss.deployment.MainDeployer.start(MainDeployer.java:1025)
	at org.jboss.deployment.MainDeployer.deploy(MainDeployer.java:819)
	at org.jboss.deployment.MainDeployer.deploy(MainDeployer.java:782)
	at sun.reflect.GeneratedMethodAccessor18.invoke(Unknown Source)
	at sun.reflect.DelegatingMethodAccessorImpl.invoke(DelegatingMethodAccessorImpl.java:25)
	at java.lang.reflect.Method.invoke(Method.java:592)
	at org.jboss.mx.interceptor.ReflectedDispatcher.invoke(ReflectedDispatcher.java:155)
	at org.jboss.mx.server.Invocation.dispatch(Invocation.java:94)
	at org.jboss.mx.interceptor.AbstractInterceptor.invoke(AbstractInterceptor.java:133)
	at org.jboss.mx.server.Invocation.invoke(Invocation.java:88)
	at org.jboss.mx.interceptor.ModelMBeanOperationInterceptor.invoke(ModelMBeanOperationInterceptor.java:142)
	at org.jboss.mx.server.Invocation.invoke(Invocation.java:88)
	at org.jboss.mx.server.AbstractMBeanInvoker.invoke(AbstractMBeanInvoker.java:264)
	at org.jboss.mx.server.MBeanServerImpl.invoke(MBeanServerImpl.java:659)
	at org.jboss.mx.util.MBeanProxyExt.invoke(MBeanProxyExt.java:210)
	at $Proxy8.deploy(Unknown Source)
	at org.jboss.deployment.scanner.URLDeploymentScanner.deploy(URLDeploymentScanner.java:421)
	at org.jboss.deployment.scanner.URLDeploymentScanner.scan(URLDeploymentScanner.java:634)
	at org.jboss.deployment.scanner.AbstractDeploymentScanner$ScannerThread.doScan(AbstractDeploymentScanner.java:263)
	at org.jboss.deployment.scanner.AbstractDeploymentScanner.startService(AbstractDeploymentScanner.java:336)
	at org.jboss.system.ServiceMBeanSupport.jbossInternalStart(ServiceMBeanSupport.java:289)
	at org.jboss.system.ServiceMBeanSupport.jbossInternalLifecycle(ServiceMBeanSupport.java:245)
	at sun.reflect.GeneratedMethodAccessor3.invoke(Unknown Source)
	at sun.reflect.DelegatingMethodAccessorImpl.invoke(DelegatingMethodAccessorImpl.java:25)
	at java.lang.reflect.Method.invoke(Method.java:592)
	at org.jboss.mx.interceptor.ReflectedDispatcher.invoke(ReflectedDispatcher.java:155)
	at org.jboss.mx.server.Invocation.dispatch(Invocation.java:94)
	at org.jboss.mx.server.Invocation.invoke(Invocation.java:86)
	at org.jboss.mx.server.AbstractMBeanInvoker.invoke(AbstractMBeanInvoker.java:264)
	at org.jboss.mx.server.MBeanServerImpl.invoke(MBeanServerImpl.java:659)
	at org.jboss.system.ServiceController$ServiceProxy.invoke(ServiceController.java:978)
	at $Proxy0.start(Unknown Source)
	at org.jboss.system.ServiceController.start(ServiceController.java:417)
	at sun.reflect.GeneratedMethodAccessor10.invoke(Unknown Source)
	at sun.reflect.DelegatingMethodAccessorImpl.invoke(DelegatingMethodAccessorImpl.java:25)
	at java.lang.reflect.Method.invoke(Method.java:592)
	at org.jboss.mx.interceptor.ReflectedDispatcher.invoke(ReflectedDispatcher.java:155)
	at org.jboss.mx.server.Invocation.dispatch(Invocation.java:94)
	at org.jboss.mx.server.Invocation.invoke(Invocation.java:86)
	at org.jboss.mx.server.AbstractMBeanInvoker.invoke(AbstractMBeanInvoker.java:264)
	at org.jboss.mx.server.MBeanServerImpl.invoke(MBeanServerImpl.java:659)
	at org.jboss.mx.util.MBeanProxyExt.invoke(MBeanProxyExt.java:210)
	at $Proxy4.start(Unknown Source)
	at org.jboss.deployment.SARDeployer.start(SARDeployer.java:302)
	at org.jboss.deployment.MainDeployer.start(MainDeployer.java:1025)
	at org.jboss.deployment.MainDeployer.deploy(MainDeployer.java:819)
	at org.jboss.deployment.MainDeployer.deploy(MainDeployer.java:782)
	at org.jboss.deployment.MainDeployer.deploy(MainDeployer.java:766)
	at sun.reflect.NativeMethodAccessorImpl.invoke0(Native Method)
	at sun.reflect.NativeMethodAccessorImpl.invoke(NativeMethodAccessorImpl.java:39)
	at sun.reflect.DelegatingMethodAccessorImpl.invoke(DelegatingMethodAccessorImpl.java:25)
	at java.lang.reflect.Method.invoke(Method.java:592)
	at org.jboss.mx.interceptor.ReflectedDispatcher.invoke(ReflectedDispatcher.java:155)
	at org.jboss.mx.server.Invocation.dispatch(Invocation.java:94)
	at org.jboss.mx.interceptor.AbstractInterceptor.invoke(AbstractInterceptor.java:133)
	at org.jboss.mx.server.Invocation.invoke(Invocation.java:88)
	at org.jboss.mx.interceptor.ModelMBeanOperationInterceptor.invoke(ModelMBeanOperationInterceptor.java:142)
	at org.jboss.mx.server.Invocation.invoke(Invocation.java:88)
	at org.jboss.mx.server.AbstractMBeanInvoker.invoke(AbstractMBeanInvoker.java:264)
	at org.jboss.mx.server.MBeanServerImpl.invoke(MBeanServerImpl.java:659)
	at org.jboss.mx.util.MBeanProxyExt.invoke(MBeanProxyExt.java:210)
	at $Proxy5.deploy(Unknown Source)
	at org.jboss.system.server.ServerImpl.doStart(ServerImpl.java:482)
	at org.jboss.system.server.ServerImpl.start(ServerImpl.java:362)
	at org.jboss.Main.boot(Main.java:200)
	at org.jboss.Main$1.run(Main.java:490)
	at java.lang.Thread.run(Thread.java:595)
Caused by: java.sql.SQLException: Generated keys not requested. You need to specify Statement.RETURN_GENERATED_KEYS to Statement.executeUpdate() or Connection.prepareStatement().
	at com.mysql.jdbc.SQLError.createSQLException(SQLError.java:1078)
	at com.mysql.jdbc.SQLError.createSQLException(SQLError.java:989)
	at com.mysql.jdbc.SQLError.createSQLException(SQLError.java:975)
	at com.mysql.jdbc.SQLError.createSQLException(SQLError.java:920)
	at com.mysql.jdbc.StatementImpl.getGeneratedKeys(StatementImpl.java:2030)
	... 197 more
2025-01-22 17:50:44,734 ERROR -> (main) [org.jboss.ejb.plugins.LogInterceptor] TransactionRolledbackLocalException in method: public abstract void org.dcm4chex.arr.ejb.session.StoreAuditRecordLocal.store(java.lang.String), causedBy:
java.lang.reflect.InvocationTargetException
	at sun.reflect.NativeMethodAccessorImpl.invoke0(Native Method)
	at sun.reflect.NativeMethodAccessorImpl.invoke(NativeMethodAccessorImpl.java:39)
	at sun.reflect.DelegatingMethodAccessorImpl.invoke(DelegatingMethodAccessorImpl.java:25)
	at java.lang.reflect.Method.invoke(Method.java:592)
	at org.jboss.ejb.plugins.cmp.jdbc.keygen.JDBCMySQLCreateCommand.executeInsert(JDBCMySQLCreateCommand.java:135)
	at org.jboss.ejb.plugins.cmp.jdbc.JDBCAbstractCreateCommand.performInsert(JDBCAbstractCreateCommand.java:321)
	at org.jboss.ejb.plugins.cmp.jdbc.JDBCAbstractCreateCommand.execute(JDBCAbstractCreateCommand.java:151)
	at org.jboss.ejb.plugins.cmp.jdbc.JDBCStoreManager.createEntity(JDBCStoreManager.java:587)
	at org.jboss.ejb.plugins.CMPPersistenceManager.createEntity(CMPPersistenceManager.java:237)
	at org.jboss.resource.connectionmanager.CachedConnectionInterceptor.createEntity(CachedConnectionInterceptor.java:225)
	at org.jboss.ejb.EntityContainer.createLocalHome(EntityContainer.java:625)
	at sun.reflect.NativeMethodAccessorImpl.invoke0(Native Method)
	at sun.reflect.NativeMethodAccessorImpl.invoke(NativeMethodAccessorImpl.java:39)
	at sun.reflect.DelegatingMethodAccessorImpl.invoke(DelegatingMethodAccessorImpl.java:25)
	at java.lang.reflect.Method.invoke(Method.java:592)
	at org.jboss.invocation.Invocation.performCall(Invocation.java:359)
	at org.jboss.ejb.EntityContainer$ContainerInterceptor.invokeHome(EntityContainer.java:1126)
	at org.jboss.ejb.plugins.AbstractInterceptor.invokeHome(AbstractInterceptor.java:105)
	at org.jboss.ejb.plugins.EntitySynchronizationInterceptor.invokeHome(EntitySynchronizationInterceptor.java:203)
	at org.jboss.resource.connectionmanager.CachedConnectionInterceptor.invokeHome(CachedConnectionInterceptor.java:189)
	at org.jboss.ejb.plugins.AbstractInterceptor.invokeHome(AbstractInterceptor.java:105)
	at org.jboss.ejb.plugins.EntityInstanceInterceptor.invokeHome(EntityInstanceInterceptor.java:134)
	at org.jboss.ejb.plugins.EntityLockInterceptor.invokeHome(EntityLockInterceptor.java:76)
	at org.jboss.ejb.plugins.EntityCreationInterceptor.invokeHome(EntityCreationInterceptor.java:43)
	at org.jboss.ejb.plugins.CallValidationInterceptor.invokeHome(CallValidationInterceptor.java:56)
	at org.jboss.ejb.plugins.AbstractTxInterceptor.invokeNext(AbstractTxInterceptor.java:125)
	at org.jboss.ejb.plugins.TxInterceptorCMT.runWithTransactions(TxInterceptorCMT.java:350)
	at org.jboss.ejb.plugins.TxInterceptorCMT.invokeHome(TxInterceptorCMT.java:161)
	at org.jboss.ejb.plugins.SecurityInterceptor.invokeHome(SecurityInterceptor.java:145)
	at org.jboss.ejb.plugins.LogInterceptor.invokeHome(LogInterceptor.java:132)
	at org.jboss.ejb.plugins.ProxyFactoryFinderInterceptor.invokeHome(ProxyFactoryFinderInterceptor.java:107)
	at org.jboss.ejb.EntityContainer.internalInvokeHome(EntityContainer.java:521)
	at org.jboss.ejb.Container.invoke(Container.java:975)
	at org.jboss.ejb.plugins.local.BaseLocalProxyFactory.invokeHome(BaseLocalProxyFactory.java:359)
	at org.jboss.ejb.plugins.local.LocalHomeProxy.invoke(LocalHomeProxy.java:133)
	at $Proxy56.create(Unknown Source)
	at org.dcm4chex.arr.ejb.session.StoreAuditRecordBean.store(StoreAuditRecordBean.java:131)
	at sun.reflect.NativeMethodAccessorImpl.invoke0(Native Method)
	at sun.reflect.NativeMethodAccessorImpl.invoke(NativeMethodAccessorImpl.java:39)
	at sun.reflect.DelegatingMethodAccessorImpl.invoke(DelegatingMethodAccessorImpl.java:25)
	at java.lang.reflect.Method.invoke(Method.java:592)
	at org.jboss.invocation.Invocation.performCall(Invocation.java:359)
	at org.jboss.ejb.StatelessSessionContainer$ContainerInterceptor.invoke(StatelessSessionContainer.java:237)
	at org.jboss.resource.connectionmanager.CachedConnectionInterceptor.invoke(CachedConnectionInterceptor.java:158)
	at org.jboss.ejb.plugins.StatelessSessionInstanceInterceptor.invoke(StatelessSessionInstanceInterceptor.java:169)
	at org.jboss.ejb.plugins.CallValidationInterceptor.invoke(CallValidationInterceptor.java:63)
	at org.jboss.ejb.plugins.AbstractTxInterceptor.invokeNext(AbstractTxInterceptor.java:121)
	at org.jboss.ejb.plugins.TxInterceptorCMT.runWithTransactions(TxInterceptorCMT.java:350)
	at org.jboss.ejb.plugins.TxInterceptorCMT.invoke(TxInterceptorCMT.java:181)
	at org.jboss.ejb.plugins.SecurityInterceptor.invoke(SecurityInterceptor.java:168)
	at org.jboss.ejb.plugins.LogInterceptor.invoke(LogInterceptor.java:205)
	at org.jboss.ejb.plugins.ProxyFactoryFinderInterceptor.invoke(ProxyFactoryFinderInterceptor.java:136)
	at org.jboss.ejb.SessionContainer.internalInvoke(SessionContainer.java:648)
	at org.jboss.ejb.Container.invoke(Container.java:954)
	at org.jboss.ejb.plugins.local.BaseLocalProxyFactory.invoke(BaseLocalProxyFactory.java:430)
	at org.jboss.ejb.plugins.local.StatelessSessionProxy.invoke(StatelessSessionProxy.java:103)
	at $Proxy61.store(Unknown Source)
	at org.dcm4chex.arr.mbean.ARRServer.store(ARRServer.java:130)
	at org.dcm4chex.arr.mbean.ARRServer.startService(ARRServer.java:144)
	at org.jboss.system.ServiceMBeanSupport.jbossInternalStart(ServiceMBeanSupport.java:289)
	at org.jboss.system.ServiceMBeanSupport.jbossInternalLifecycle(ServiceMBeanSupport.java:245)
	at sun.reflect.GeneratedMethodAccessor3.invoke(Unknown Source)
	at sun.reflect.DelegatingMethodAccessorImpl.invoke(DelegatingMethodAccessorImpl.java:25)
	at java.lang.reflect.Method.invoke(Method.java:592)
	at org.jboss.mx.interceptor.ReflectedDispatcher.invoke(ReflectedDispatcher.java:155)
	at org.jboss.mx.server.Invocation.dispatch(Invocation.java:94)
	at org.jboss.mx.interceptor.AbstractInterceptor.invoke(AbstractInterceptor.java:133)
	at org.jboss.mx.server.Invocation.invoke(Invocation.java:88)
	at org.jboss.mx.interceptor.ModelMBeanOperationInterceptor.invoke(ModelMBeanOperationInterceptor.java:142)
	at org.jboss.mx.server.Invocation.invoke(Invocation.java:88)
	at org.jboss.mx.server.AbstractMBeanInvoker.invoke(AbstractMBeanInvoker.java:264)
	at org.jboss.mx.server.MBeanServerImpl.invoke(MBeanServerImpl.java:659)
	at org.jboss.system.ServiceController$ServiceProxy.invoke(ServiceController.java:978)
	at $Proxy0.start(Unknown Source)
	at org.jboss.system.ServiceController.start(ServiceController.java:417)
	at org.jboss.system.ServiceController.start(ServiceController.java:435)
	at sun.reflect.GeneratedMethodAccessor10.invoke(Unknown Source)
	at sun.reflect.DelegatingMethodAccessorImpl.invoke(DelegatingMethodAccessorImpl.java:25)
	at java.lang.reflect.Method.invoke(Method.java:592)
	at org.jboss.mx.interceptor.ReflectedDispatcher.invoke(ReflectedDispatcher.java:155)
	at org.jboss.mx.server.Invocation.dispatch(Invocation.java:94)
	at org.jboss.mx.server.Invocation.invoke(Invocation.java:86)
	at org.jboss.mx.server.AbstractMBeanInvoker.invoke(AbstractMBeanInvoker.java:264)
	at org.jboss.mx.server.MBeanServerImpl.invoke(MBeanServerImpl.java:659)
	at org.jboss.mx.util.MBeanProxyExt.invoke(MBeanProxyExt.java:210)
	at $Proxy52.start(Unknown Source)
	at org.jboss.ejb.EjbModule.startService(EjbModule.java:429)
	at org.jboss.system.ServiceMBeanSupport.jbossInternalStart(ServiceMBeanSupport.java:289)
	at org.jboss.system.ServiceMBeanSupport.jbossInternalLifecycle(ServiceMBeanSupport.java:245)
	at sun.reflect.GeneratedMethodAccessor3.invoke(Unknown Source)
	at sun.reflect.DelegatingMethodAccessorImpl.invoke(DelegatingMethodAccessorImpl.java:25)
	at java.lang.reflect.Method.invoke(Method.java:592)
	at org.jboss.mx.interceptor.ReflectedDispatcher.invoke(ReflectedDispatcher.java:155)
	at org.jboss.mx.server.Invocation.dispatch(Invocation.java:94)
	at org.jboss.mx.server.Invocation.invoke(Invocation.java:86)
	at org.jboss.mx.server.AbstractMBeanInvoker.invoke(AbstractMBeanInvoker.java:264)
	at org.jboss.mx.server.MBeanServerImpl.invoke(MBeanServerImpl.java:659)
	at org.jboss.system.ServiceController$ServiceProxy.invoke(ServiceController.java:978)
	at $Proxy0.start(Unknown Source)
	at org.jboss.system.ServiceController.start(ServiceController.java:417)
	at sun.reflect.GeneratedMethodAccessor10.invoke(Unknown Source)
	at sun.reflect.DelegatingMethodAccessorImpl.invoke(DelegatingMethodAccessorImpl.java:25)
	at java.lang.reflect.Method.invoke(Method.java:592)
	at org.jboss.mx.interceptor.ReflectedDispatcher.invoke(ReflectedDispatcher.java:155)
	at org.jboss.mx.server.Invocation.dispatch(Invocation.java:94)
	at org.jboss.mx.server.Invocation.invoke(Invocation.java:86)
	at org.jboss.mx.server.AbstractMBeanInvoker.invoke(AbstractMBeanInvoker.java:264)
	at org.jboss.mx.server.MBeanServerImpl.invoke(MBeanServerImpl.java:659)
	at org.jboss.mx.util.MBeanProxyExt.invoke(MBeanProxyExt.java:210)
	at $Proxy24.start(Unknown Source)
	at org.jboss.ejb.EJBDeployer.start(EJBDeployer.java:662)
	at sun.reflect.NativeMethodAccessorImpl.invoke0(Native Method)
	at sun.reflect.NativeMethodAccessorImpl.invoke(NativeMethodAccessorImpl.java:39)
	at sun.reflect.DelegatingMethodAccessorImpl.invoke(DelegatingMethodAccessorImpl.java:25)
	at java.lang.reflect.Method.invoke(Method.java:592)
	at org.jboss.mx.interceptor.ReflectedDispatcher.invoke(ReflectedDispatcher.java:155)
	at org.jboss.mx.server.Invocation.dispatch(Invocation.java:94)
	at org.jboss.mx.interceptor.AbstractInterceptor.invoke(AbstractInterceptor.java:133)
	at org.jboss.mx.server.Invocation.invoke(Invocation.java:88)
	at org.jboss.mx.interceptor.ModelMBeanOperationInterceptor.invoke(ModelMBeanOperationInterceptor.java:142)
	at org.jboss.mx.interceptor.DynamicInterceptor.invoke(DynamicInterceptor.java:97)
	at org.jboss.system.InterceptorServiceMBeanSupport.invokeNext(InterceptorServiceMBeanSupport.java:238)
	at org.jboss.ws.integration.jboss.DeployerInterceptor.start(DeployerInterceptor.java:92)
	at org.jboss.deployment.SubDeployerInterceptorSupport$XMBeanInterceptor.start(SubDeployerInterceptorSupport.java:188)
	at org.jboss.deployment.SubDeployerInterceptor.invoke(SubDeployerInterceptor.java:95)
	at org.jboss.mx.server.Invocation.invoke(Invocation.java:88)
	at org.jboss.mx.server.AbstractMBeanInvoker.invoke(AbstractMBeanInvoker.java:264)
	at org.jboss.mx.server.MBeanServerImpl.invoke(MBeanServerImpl.java:659)
	at org.jboss.mx.util.MBeanProxyExt.invoke(MBeanProxyExt.java:210)
	at $Proxy25.start(Unknown Source)
	at org.jboss.deployment.MainDeployer.start(MainDeployer.java:1025)
	at org.jboss.deployment.MainDeployer.deploy(MainDeployer.java:819)
	at org.jboss.deployment.MainDeployer.deploy(MainDeployer.java:782)
	at sun.reflect.GeneratedMethodAccessor18.invoke(Unknown Source)
	at sun.reflect.DelegatingMethodAccessorImpl.invoke(DelegatingMethodAccessorImpl.java:25)
	at java.lang.reflect.Method.invoke(Method.java:592)
	at org.jboss.mx.interceptor.ReflectedDispatcher.invoke(ReflectedDispatcher.java:155)
	at org.jboss.mx.server.Invocation.dispatch(Invocation.java:94)
	at org.jboss.mx.interceptor.AbstractInterceptor.invoke(AbstractInterceptor.java:133)
	at org.jboss.mx.server.Invocation.invoke(Invocation.java:88)
	at org.jboss.mx.interceptor.ModelMBeanOperationInterceptor.invoke(ModelMBeanOperationInterceptor.java:142)
	at org.jboss.mx.server.Invocation.invoke(Invocation.java:88)
	at org.jboss.mx.server.AbstractMBeanInvoker.invoke(AbstractMBeanInvoker.java:264)
	at org.jboss.mx.server.MBeanServerImpl.invoke(MBeanServerImpl.java:659)
	at org.jboss.mx.util.MBeanProxyExt.invoke(MBeanProxyExt.java:210)
	at $Proxy8.deploy(Unknown Source)
	at org.jboss.deployment.scanner.URLDeploymentScanner.deploy(URLDeploymentScanner.java:421)
	at org.jboss.deployment.scanner.URLDeploymentScanner.scan(URLDeploymentScanner.java:634)
	at org.jboss.deployment.scanner.AbstractDeploymentScanner$ScannerThread.doScan(AbstractDeploymentScanner.java:263)
	at org.jboss.deployment.scanner.AbstractDeploymentScanner.startService(AbstractDeploymentScanner.java:336)
	at org.jboss.system.ServiceMBeanSupport.jbossInternalStart(ServiceMBeanSupport.java:289)
	at org.jboss.system.ServiceMBeanSupport.jbossInternalLifecycle(ServiceMBeanSupport.java:245)
	at sun.reflect.GeneratedMethodAccessor3.invoke(Unknown Source)
	at sun.reflect.DelegatingMethodAccessorImpl.invoke(DelegatingMethodAccessorImpl.java:25)
	at java.lang.reflect.Method.invoke(Method.java:592)
	at org.jboss.mx.interceptor.ReflectedDispatcher.invoke(ReflectedDispatcher.java:155)
	at org.jboss.mx.server.Invocation.dispatch(Invocation.java:94)
	at org.jboss.mx.server.Invocation.invoke(Invocation.java:86)
	at org.jboss.mx.server.AbstractMBeanInvoker.invoke(AbstractMBeanInvoker.java:264)
	at org.jboss.mx.server.MBeanServerImpl.invoke(MBeanServerImpl.java:659)
	at org.jboss.system.ServiceController$ServiceProxy.invoke(ServiceController.java:978)
	at $Proxy0.start(Unknown Source)
	at org.jboss.system.ServiceController.start(ServiceController.java:417)
	at sun.reflect.GeneratedMethodAccessor10.invoke(Unknown Source)
	at sun.reflect.DelegatingMethodAccessorImpl.invoke(DelegatingMethodAccessorImpl.java:25)
	at java.lang.reflect.Method.invoke(Method.java:592)
	at org.jboss.mx.interceptor.ReflectedDispatcher.invoke(ReflectedDispatcher.java:155)
	at org.jboss.mx.server.Invocation.dispatch(Invocation.java:94)
	at org.jboss.mx.server.Invocation.invoke(Invocation.java:86)
	at org.jboss.mx.server.AbstractMBeanInvoker.invoke(AbstractMBeanInvoker.java:264)
	at org.jboss.mx.server.MBeanServerImpl.invoke(MBeanServerImpl.java:659)
	at org.jboss.mx.util.MBeanProxyExt.invoke(MBeanProxyExt.java:210)
	at $Proxy4.start(Unknown Source)
	at org.jboss.deployment.SARDeployer.start(SARDeployer.java:302)
	at org.jboss.deployment.MainDeployer.start(MainDeployer.java:1025)
	at org.jboss.deployment.MainDeployer.deploy(MainDeployer.java:819)
	at org.jboss.deployment.MainDeployer.deploy(MainDeployer.java:782)
	at org.jboss.deployment.MainDeployer.deploy(MainDeployer.java:766)
	at sun.reflect.NativeMethodAccessorImpl.invoke0(Native Method)
	at sun.reflect.NativeMethodAccessorImpl.invoke(NativeMethodAccessorImpl.java:39)
	at sun.reflect.DelegatingMethodAccessorImpl.invoke(DelegatingMethodAccessorImpl.java:25)
	at java.lang.reflect.Method.invoke(Method.java:592)
	at org.jboss.mx.interceptor.ReflectedDispatcher.invoke(ReflectedDispatcher.java:155)
	at org.jboss.mx.server.Invocation.dispatch(Invocation.java:94)
	at org.jboss.mx.interceptor.AbstractInterceptor.invoke(AbstractInterceptor.java:133)
	at org.jboss.mx.server.Invocation.invoke(Invocation.java:88)
	at org.jboss.mx.interceptor.ModelMBeanOperationInterceptor.invoke(ModelMBeanOperationInterceptor.java:142)
	at org.jboss.mx.server.Invocation.invoke(Invocation.java:88)
	at org.jboss.mx.server.AbstractMBeanInvoker.invoke(AbstractMBeanInvoker.java:264)
	at org.jboss.mx.server.MBeanServerImpl.invoke(MBeanServerImpl.java:659)
	at org.jboss.mx.util.MBeanProxyExt.invoke(MBeanProxyExt.java:210)
	at $Proxy5.deploy(Unknown Source)
	at org.jboss.system.server.ServerImpl.doStart(ServerImpl.java:482)
	at org.jboss.system.server.ServerImpl.start(ServerImpl.java:362)
	at org.jboss.Main.boot(Main.java:200)
	at org.jboss.Main$1.run(Main.java:490)
	at java.lang.Thread.run(Thread.java:595)
Caused by: java.sql.SQLException: Generated keys not requested. You need to specify Statement.RETURN_GENERATED_KEYS to Statement.executeUpdate() or Connection.prepareStatement().
	at com.mysql.jdbc.SQLError.createSQLException(SQLError.java:1078)
	at com.mysql.jdbc.SQLError.createSQLException(SQLError.java:989)
	at com.mysql.jdbc.SQLError.createSQLException(SQLError.java:975)
	at com.mysql.jdbc.SQLError.createSQLException(SQLError.java:920)
	at com.mysql.jdbc.StatementImpl.getGeneratedKeys(StatementImpl.java:2030)
	... 197 more
2025-01-22 17:50:44,739 WARN  -> (main) [org.jboss.system.ServiceController] Problem starting service dcm4chee.audit:service=AuditRecordRepository
javax.ejb.TransactionRolledbackLocalException: Error extracting generated keys
	at org.jboss.ejb.plugins.AbstractTxInterceptor.invokeNext(AbstractTxInterceptor.java:262)
	at org.jboss.ejb.plugins.TxInterceptorCMT.runWithTransactions(TxInterceptorCMT.java:350)
	at org.jboss.ejb.plugins.TxInterceptorCMT.invokeHome(TxInterceptorCMT.java:161)
	at org.jboss.ejb.plugins.SecurityInterceptor.invokeHome(SecurityInterceptor.java:145)
	at org.jboss.ejb.plugins.LogInterceptor.invokeHome(LogInterceptor.java:132)
	at org.jboss.ejb.plugins.ProxyFactoryFinderInterceptor.invokeHome(ProxyFactoryFinderInterceptor.java:107)
	at org.jboss.ejb.EntityContainer.internalInvokeHome(EntityContainer.java:521)
	at org.jboss.ejb.Container.invoke(Container.java:975)
	at org.jboss.ejb.plugins.local.BaseLocalProxyFactory.invokeHome(BaseLocalProxyFactory.java:359)
	at org.jboss.ejb.plugins.local.LocalHomeProxy.invoke(LocalHomeProxy.java:133)
	at $Proxy56.create(Unknown Source)
	at org.dcm4chex.arr.ejb.session.StoreAuditRecordBean.store(StoreAuditRecordBean.java:131)
	at sun.reflect.NativeMethodAccessorImpl.invoke0(Native Method)
	at sun.reflect.NativeMethodAccessorImpl.invoke(NativeMethodAccessorImpl.java:39)
	at sun.reflect.DelegatingMethodAccessorImpl.invoke(DelegatingMethodAccessorImpl.java:25)
	at java.lang.reflect.Method.invoke(Method.java:592)
	at org.jboss.invocation.Invocation.performCall(Invocation.java:359)
	at org.jboss.ejb.StatelessSessionContainer$ContainerInterceptor.invoke(StatelessSessionContainer.java:237)
	at org.jboss.resource.connectionmanager.CachedConnectionInterceptor.invoke(CachedConnectionInterceptor.java:158)
	at org.jboss.ejb.plugins.StatelessSessionInstanceInterceptor.invoke(StatelessSessionInstanceInterceptor.java:169)
	at org.jboss.ejb.plugins.CallValidationInterceptor.invoke(CallValidationInterceptor.java:63)
	at org.jboss.ejb.plugins.AbstractTxInterceptor.invokeNext(AbstractTxInterceptor.java:121)
	at org.jboss.ejb.plugins.TxInterceptorCMT.runWithTransactions(TxInterceptorCMT.java:350)
	at org.jboss.ejb.plugins.TxInterceptorCMT.invoke(TxInterceptorCMT.java:181)
	at org.jboss.ejb.plugins.SecurityInterceptor.invoke(SecurityInterceptor.java:168)
	at org.jboss.ejb.plugins.LogInterceptor.invoke(LogInterceptor.java:205)
	at org.jboss.ejb.plugins.ProxyFactoryFinderInterceptor.invoke(ProxyFactoryFinderInterceptor.java:136)
	at org.jboss.ejb.SessionContainer.internalInvoke(SessionContainer.java:648)
	at org.jboss.ejb.Container.invoke(Container.java:954)
	at org.jboss.ejb.plugins.local.BaseLocalProxyFactory.invoke(BaseLocalProxyFactory.java:430)
	at org.jboss.ejb.plugins.local.StatelessSessionProxy.invoke(StatelessSessionProxy.java:103)
	at $Proxy61.store(Unknown Source)
	at org.dcm4chex.arr.mbean.ARRServer.store(ARRServer.java:130)
	at org.dcm4chex.arr.mbean.ARRServer.startService(ARRServer.java:144)
	at org.jboss.system.ServiceMBeanSupport.jbossInternalStart(ServiceMBeanSupport.java:289)
	at org.jboss.system.ServiceMBeanSupport.jbossInternalLifecycle(ServiceMBeanSupport.java:245)
	at sun.reflect.GeneratedMethodAccessor3.invoke(Unknown Source)
	at sun.reflect.DelegatingMethodAccessorImpl.invoke(DelegatingMethodAccessorImpl.java:25)
	at java.lang.reflect.Method.invoke(Method.java:592)
	at org.jboss.mx.interceptor.ReflectedDispatcher.invoke(ReflectedDispatcher.java:155)
	at org.jboss.mx.server.Invocation.dispatch(Invocation.java:94)
	at org.jboss.mx.interceptor.AbstractInterceptor.invoke(AbstractInterceptor.java:133)
	at org.jboss.mx.server.Invocation.invoke(Invocation.java:88)
	at org.jboss.mx.interceptor.ModelMBeanOperationInterceptor.invoke(ModelMBeanOperationInterceptor.java:142)
	at org.jboss.mx.server.Invocation.invoke(Invocation.java:88)
	at org.jboss.mx.server.AbstractMBeanInvoker.invoke(AbstractMBeanInvoker.java:264)
	at org.jboss.mx.server.MBeanServerImpl.invoke(MBeanServerImpl.java:659)
	at org.jboss.system.ServiceController$ServiceProxy.invoke(ServiceController.java:978)
	at $Proxy0.start(Unknown Source)
	at org.jboss.system.ServiceController.start(ServiceController.java:417)
	at org.jboss.system.ServiceController.start(ServiceController.java:435)
	at sun.reflect.GeneratedMethodAccessor10.invoke(Unknown Source)
	at sun.reflect.DelegatingMethodAccessorImpl.invoke(DelegatingMethodAccessorImpl.java:25)
	at java.lang.reflect.Method.invoke(Method.java:592)
	at org.jboss.mx.interceptor.ReflectedDispatcher.invoke(ReflectedDispatcher.java:155)
	at org.jboss.mx.server.Invocation.dispatch(Invocation.java:94)
	at org.jboss.mx.server.Invocation.invoke(Invocation.java:86)
	at org.jboss.mx.server.AbstractMBeanInvoker.invoke(AbstractMBeanInvoker.java:264)
	at org.jboss.mx.server.MBeanServerImpl.invoke(MBeanServerImpl.java:659)
	at org.jboss.mx.util.MBeanProxyExt.invoke(MBeanProxyExt.java:210)
	at $Proxy52.start(Unknown Source)
	at org.jboss.ejb.EjbModule.startService(EjbModule.java:429)
	at org.jboss.system.ServiceMBeanSupport.jbossInternalStart(ServiceMBeanSupport.java:289)
	at org.jboss.system.ServiceMBeanSupport.jbossInternalLifecycle(ServiceMBeanSupport.java:245)
	at sun.reflect.GeneratedMethodAccessor3.invoke(Unknown Source)
	at sun.reflect.DelegatingMethodAccessorImpl.invoke(DelegatingMethodAccessorImpl.java:25)
	at java.lang.reflect.Method.invoke(Method.java:592)
	at org.jboss.mx.interceptor.ReflectedDispatcher.invoke(ReflectedDispatcher.java:155)
	at org.jboss.mx.server.Invocation.dispatch(Invocation.java:94)
	at org.jboss.mx.server.Invocation.invoke(Invocation.java:86)
	at org.jboss.mx.server.AbstractMBeanInvoker.invoke(AbstractMBeanInvoker.java:264)
	at org.jboss.mx.server.MBeanServerImpl.invoke(MBeanServerImpl.java:659)
	at org.jboss.system.ServiceController$ServiceProxy.invoke(ServiceController.java:978)
	at $Proxy0.start(Unknown Source)
	at org.jboss.system.ServiceController.start(ServiceController.java:417)
	at sun.reflect.GeneratedMethodAccessor10.invoke(Unknown Source)
	at sun.reflect.DelegatingMethodAccessorImpl.invoke(DelegatingMethodAccessorImpl.java:25)
	at java.lang.reflect.Method.invoke(Method.java:592)
	at org.jboss.mx.interceptor.ReflectedDispatcher.invoke(ReflectedDispatcher.java:155)
	at org.jboss.mx.server.Invocation.dispatch(Invocation.java:94)
	at org.jboss.mx.server.Invocation.invoke(Invocation.java:86)
	at org.jboss.mx.server.AbstractMBeanInvoker.invoke(AbstractMBeanInvoker.java:264)
	at org.jboss.mx.server.MBeanServerImpl.invoke(MBeanServerImpl.java:659)
	at org.jboss.mx.util.MBeanProxyExt.invoke(MBeanProxyExt.java:210)
	at $Proxy24.start(Unknown Source)
	at org.jboss.ejb.EJBDeployer.start(EJBDeployer.java:662)
	at sun.reflect.NativeMethodAccessorImpl.invoke0(Native Method)
	at sun.reflect.NativeMethodAccessorImpl.invoke(NativeMethodAccessorImpl.java:39)
	at sun.reflect.DelegatingMethodAccessorImpl.invoke(DelegatingMethodAccessorImpl.java:25)
	at java.lang.reflect.Method.invoke(Method.java:592)
	at org.jboss.mx.interceptor.ReflectedDispatcher.invoke(ReflectedDispatcher.java:155)
	at org.jboss.mx.server.Invocation.dispatch(Invocation.java:94)
	at org.jboss.mx.interceptor.AbstractInterceptor.invoke(AbstractInterceptor.java:133)
	at org.jboss.mx.server.Invocation.invoke(Invocation.java:88)
	at org.jboss.mx.interceptor.ModelMBeanOperationInterceptor.invoke(ModelMBeanOperationInterceptor.java:142)
	at org.jboss.mx.interceptor.DynamicInterceptor.invoke(DynamicInterceptor.java:97)
	at org.jboss.system.InterceptorServiceMBeanSupport.invokeNext(InterceptorServiceMBeanSupport.java:238)
	at org.jboss.ws.integration.jboss.DeployerInterceptor.start(DeployerInterceptor.java:92)
	at org.jboss.deployment.SubDeployerInterceptorSupport$XMBeanInterceptor.start(SubDeployerInterceptorSupport.java:188)
	at org.jboss.deployment.SubDeployerInterceptor.invoke(SubDeployerInterceptor.java:95)
	at org.jboss.mx.server.Invocation.invoke(Invocation.java:88)
	at org.jboss.mx.server.AbstractMBeanInvoker.invoke(AbstractMBeanInvoker.java:264)
	at org.jboss.mx.server.MBeanServerImpl.invoke(MBeanServerImpl.java:659)
	at org.jboss.mx.util.MBeanProxyExt.invoke(MBeanProxyExt.java:210)
	at $Proxy25.start(Unknown Source)
	at org.jboss.deployment.MainDeployer.start(MainDeployer.java:1025)
	at org.jboss.deployment.MainDeployer.deploy(MainDeployer.java:819)
	at org.jboss.deployment.MainDeployer.deploy(MainDeployer.java:782)
	at sun.reflect.GeneratedMethodAccessor18.invoke(Unknown Source)
	at sun.reflect.DelegatingMethodAccessorImpl.invoke(DelegatingMethodAccessorImpl.java:25)
	at java.lang.reflect.Method.invoke(Method.java:592)
	at org.jboss.mx.interceptor.ReflectedDispatcher.invoke(ReflectedDispatcher.java:155)
	at org.jboss.mx.server.Invocation.dispatch(Invocation.java:94)
	at org.jboss.mx.interceptor.AbstractInterceptor.invoke(AbstractInterceptor.java:133)
	at org.jboss.mx.server.Invocation.invoke(Invocation.java:88)
	at org.jboss.mx.interceptor.ModelMBeanOperationInterceptor.invoke(ModelMBeanOperationInterceptor.java:142)
	at org.jboss.mx.server.Invocation.invoke(Invocation.java:88)
	at org.jboss.mx.server.AbstractMBeanInvoker.invoke(AbstractMBeanInvoker.java:264)
	at org.jboss.mx.server.MBeanServerImpl.invoke(MBeanServerImpl.java:659)
	at org.jboss.mx.util.MBeanProxyExt.invoke(MBeanProxyExt.java:210)
	at $Proxy8.deploy(Unknown Source)
	at org.jboss.deployment.scanner.URLDeploymentScanner.deploy(URLDeploymentScanner.java:421)
	at org.jboss.deployment.scanner.URLDeploymentScanner.scan(URLDeploymentScanner.java:634)
	at org.jboss.deployment.scanner.AbstractDeploymentScanner$ScannerThread.doScan(AbstractDeploymentScanner.java:263)
	at org.jboss.deployment.scanner.AbstractDeploymentScanner.startService(AbstractDeploymentScanner.java:336)
	at org.jboss.system.ServiceMBeanSupport.jbossInternalStart(ServiceMBeanSupport.java:289)
	at org.jboss.system.ServiceMBeanSupport.jbossInternalLifecycle(ServiceMBeanSupport.java:245)
	at sun.reflect.GeneratedMethodAccessor3.invoke(Unknown Source)
	at sun.reflect.DelegatingMethodAccessorImpl.invoke(DelegatingMethodAccessorImpl.java:25)
	at java.lang.reflect.Method.invoke(Method.java:592)
	at org.jboss.mx.interceptor.ReflectedDispatcher.invoke(ReflectedDispatcher.java:155)
	at org.jboss.mx.server.Invocation.dispatch(Invocation.java:94)
	at org.jboss.mx.server.Invocation.invoke(Invocation.java:86)
	at org.jboss.mx.server.AbstractMBeanInvoker.invoke(AbstractMBeanInvoker.java:264)
	at org.jboss.mx.server.MBeanServerImpl.invoke(MBeanServerImpl.java:659)
	at org.jboss.system.ServiceController$ServiceProxy.invoke(ServiceController.java:978)
	at $Proxy0.start(Unknown Source)
	at org.jboss.system.ServiceController.start(ServiceController.java:417)
	at sun.reflect.GeneratedMethodAccessor10.invoke(Unknown Source)
	at sun.reflect.DelegatingMethodAccessorImpl.invoke(DelegatingMethodAccessorImpl.java:25)
	at java.lang.reflect.Method.invoke(Method.java:592)
	at org.jboss.mx.interceptor.ReflectedDispatcher.invoke(ReflectedDispatcher.java:155)
	at org.jboss.mx.server.Invocation.dispatch(Invocation.java:94)
	at org.jboss.mx.server.Invocation.invoke(Invocation.java:86)
	at org.jboss.mx.server.AbstractMBeanInvoker.invoke(AbstractMBeanInvoker.java:264)
	at org.jboss.mx.server.MBeanServerImpl.invoke(MBeanServerImpl.java:659)
	at org.jboss.mx.util.MBeanProxyExt.invoke(MBeanProxyExt.java:210)
	at $Proxy4.start(Unknown Source)
	at org.jboss.deployment.SARDeployer.start(SARDeployer.java:302)
	at org.jboss.deployment.MainDeployer.start(MainDeployer.java:1025)
	at org.jboss.deployment.MainDeployer.deploy(MainDeployer.java:819)
	at org.jboss.deployment.MainDeployer.deploy(MainDeployer.java:782)
	at org.jboss.deployment.MainDeployer.deploy(MainDeployer.java:766)
	at sun.reflect.NativeMethodAccessorImpl.invoke0(Native Method)
	at sun.reflect.NativeMethodAccessorImpl.invoke(NativeMethodAccessorImpl.java:39)
	at sun.reflect.DelegatingMethodAccessorImpl.invoke(DelegatingMethodAccessorImpl.java:25)
	at java.lang.reflect.Method.invoke(Method.java:592)
	at org.jboss.mx.interceptor.ReflectedDispatcher.invoke(ReflectedDispatcher.java:155)
	at org.jboss.mx.server.Invocation.dispatch(Invocation.java:94)
	at org.jboss.mx.interceptor.AbstractInterceptor.invoke(AbstractInterceptor.java:133)
	at org.jboss.mx.server.Invocation.invoke(Invocation.java:88)
	at org.jboss.mx.interceptor.ModelMBeanOperationInterceptor.invoke(ModelMBeanOperationInterceptor.java:142)
	at org.jboss.mx.server.Invocation.invoke(Invocation.java:88)
	at org.jboss.mx.server.AbstractMBeanInvoker.invoke(AbstractMBeanInvoker.java:264)
	at org.jboss.mx.server.MBeanServerImpl.invoke(MBeanServerImpl.java:659)
	at org.jboss.mx.util.MBeanProxyExt.invoke(MBeanProxyExt.java:210)
	at $Proxy5.deploy(Unknown Source)
	at org.jboss.system.server.ServerImpl.doStart(ServerImpl.java:482)
	at org.jboss.system.server.ServerImpl.start(ServerImpl.java:362)
	at org.jboss.Main.boot(Main.java:200)
	at org.jboss.Main$1.run(Main.java:490)
	at java.lang.Thread.run(Thread.java:595)
Caused by: javax.ejb.EJBException: Error extracting generated keys
	at org.jboss.ejb.plugins.cmp.jdbc.keygen.JDBCMySQLCreateCommand.executeInsert(JDBCMySQLCreateCommand.java:149)
	at org.jboss.ejb.plugins.cmp.jdbc.JDBCAbstractCreateCommand.performInsert(JDBCAbstractCreateCommand.java:321)
	at org.jboss.ejb.plugins.cmp.jdbc.JDBCAbstractCreateCommand.execute(JDBCAbstractCreateCommand.java:151)
	at org.jboss.ejb.plugins.cmp.jdbc.JDBCStoreManager.createEntity(JDBCStoreManager.java:587)
	at org.jboss.ejb.plugins.CMPPersistenceManager.createEntity(CMPPersistenceManager.java:237)
	at org.jboss.resource.connectionmanager.CachedConnectionInterceptor.createEntity(CachedConnectionInterceptor.java:225)
	at org.jboss.ejb.EntityContainer.createLocalHome(EntityContainer.java:625)
	at sun.reflect.NativeMethodAccessorImpl.invoke0(Native Method)
	at sun.reflect.NativeMethodAccessorImpl.invoke(NativeMethodAccessorImpl.java:39)
	at sun.reflect.DelegatingMethodAccessorImpl.invoke(DelegatingMethodAccessorImpl.java:25)
	at java.lang.reflect.Method.invoke(Method.java:592)
	at org.jboss.invocation.Invocation.performCall(Invocation.java:359)
	at org.jboss.ejb.EntityContainer$ContainerInterceptor.invokeHome(EntityContainer.java:1126)
	at org.jboss.ejb.plugins.AbstractInterceptor.invokeHome(AbstractInterceptor.java:105)
	at org.jboss.ejb.plugins.EntitySynchronizationInterceptor.invokeHome(EntitySynchronizationInterceptor.java:203)
	at org.jboss.resource.connectionmanager.CachedConnectionInterceptor.invokeHome(CachedConnectionInterceptor.java:189)
	at org.jboss.ejb.plugins.AbstractInterceptor.invokeHome(AbstractInterceptor.java:105)
	at org.jboss.ejb.plugins.EntityInstanceInterceptor.invokeHome(EntityInstanceInterceptor.java:134)
	at org.jboss.ejb.plugins.EntityLockInterceptor.invokeHome(EntityLockInterceptor.java:76)
	at org.jboss.ejb.plugins.EntityCreationInterceptor.invokeHome(EntityCreationInterceptor.java:43)
	at org.jboss.ejb.plugins.CallValidationInterceptor.invokeHome(CallValidationInterceptor.java:56)
	at org.jboss.ejb.plugins.AbstractTxInterceptor.invokeNext(AbstractTxInterceptor.java:125)
	... 171 more
Caused by: java.lang.reflect.InvocationTargetException
	at sun.reflect.NativeMethodAccessorImpl.invoke0(Native Method)
	at sun.reflect.NativeMethodAccessorImpl.invoke(NativeMethodAccessorImpl.java:39)
	at sun.reflect.DelegatingMethodAccessorImpl.invoke(DelegatingMethodAccessorImpl.java:25)
	at java.lang.reflect.Method.invoke(Method.java:592)
	at org.jboss.ejb.plugins.cmp.jdbc.keygen.JDBCMySQLCreateCommand.executeInsert(JDBCMySQLCreateCommand.java:135)
	... 192 more
Caused by: java.sql.SQLException: Generated keys not requested. You need to specify Statement.RETURN_GENERATED_KEYS to Statement.executeUpdate() or Connection.prepareStatement().
	at com.mysql.jdbc.SQLError.createSQLException(SQLError.java:1078)
	at com.mysql.jdbc.SQLError.createSQLException(SQLError.java:989)
	at com.mysql.jdbc.SQLError.createSQLException(SQLError.java:975)
	at com.mysql.jdbc.SQLError.createSQLException(SQLError.java:920)
	at com.mysql.jdbc.StatementImpl.getGeneratedKeys(StatementImpl.java:2030)
	... 197 more
2025-01-22 17:50:44,744 INFO  -> (main) [org.jboss.ejb.EJBDeployer] Deployed: file:/home/ahis/AmritaPACS_2/jboss-4.0.5.GA/server/apacs/deploy/dcm4chee-arr-ejb.jar
2025-01-22 17:50:45,062 INFO  -> (main) [org.jboss.ejb.EjbModule] Deploying MWLItem
2025-01-22 17:50:45,065 INFO  -> (main) [org.jboss.ejb.EjbModule] Deploying Device
2025-01-22 17:50:45,068 INFO  -> (main) [org.jboss.ejb.EjbModule] Deploying AE
2025-01-22 17:50:45,071 INFO  -> (main) [org.jboss.ejb.EjbModule] Deploying Study
2025-01-22 17:50:45,075 INFO  -> (main) [org.jboss.ejb.EjbModule] Deploying Series
2025-01-22 17:50:45,077 INFO  -> (main) [org.jboss.ejb.EjbModule] Deploying HPDefinition
2025-01-22 17:50:45,080 INFO  -> (main) [org.jboss.ejb.EjbModule] Deploying MPPS
2025-01-22 17:50:45,084 INFO  -> (main) [org.jboss.ejb.EjbModule] Deploying File
2025-01-22 17:50:45,087 INFO  -> (main) [org.jboss.ejb.EjbModule] Deploying GPSPSRequest
2025-01-22 17:50:45,090 INFO  -> (main) [org.jboss.ejb.EjbModule] Deploying GPSPS
2025-01-22 17:50:45,093 INFO  -> (main) [org.jboss.ejb.EjbModule] Deploying FileSystem
2025-01-22 17:50:45,096 INFO  -> (main) [org.jboss.ejb.EjbModule] Deploying Instance
2025-01-22 17:50:45,098 INFO  -> (main) [org.jboss.ejb.EjbModule] Deploying PrivateSeries
2025-01-22 17:50:45,103 INFO  -> (main) [org.jboss.ejb.EjbModule] Deploying SeriesRequest
2025-01-22 17:50:45,106 INFO  -> (main) [org.jboss.ejb.EjbModule] Deploying Patient
2025-01-22 17:50:45,110 INFO  -> (main) [org.jboss.ejb.EjbModule] Deploying HP
2025-01-22 17:50:45,113 INFO  -> (main) [org.jboss.ejb.EjbModule] Deploying PrivatePatient
2025-01-22 17:50:45,116 INFO  -> (main) [org.jboss.ejb.EjbModule] Deploying StudyOnFileSystem
2025-01-22 17:50:45,119 INFO  -> (main) [org.jboss.ejb.EjbModule] Deploying Media
2025-01-22 17:50:45,122 INFO  -> (main) [org.jboss.ejb.EjbModule] Deploying PrivateInstance
2025-01-22 17:50:45,125 INFO  -> (main) [org.jboss.ejb.EjbModule] Deploying PrivateStudy
2025-01-22 17:50:45,127 INFO  -> (main) [org.jboss.ejb.EjbModule] Deploying GPSPSPerformer
2025-01-22 17:50:45,130 INFO  -> (main) [org.jboss.ejb.EjbModule] Deploying Code
2025-01-22 17:50:45,133 INFO  -> (main) [org.jboss.ejb.EjbModule] Deploying GPPPS
2025-01-22 17:50:45,136 INFO  -> (main) [org.jboss.ejb.EjbModule] Deploying PrivateFile
2025-01-22 17:50:45,139 INFO  -> (main) [org.jboss.ejb.EjbModule] Deploying GPPPSManager
2025-01-22 17:50:45,144 INFO  -> (main) [org.jboss.ejb.EjbModule] Deploying HPStorage
2025-01-22 17:50:45,147 INFO  -> (main) [org.jboss.ejb.EjbModule] Deploying PrivateManager
2025-01-22 17:50:45,149 INFO  -> (main) [org.jboss.ejb.EjbModule] Deploying ConsistencyCheck
2025-01-22 17:50:45,153 INFO  -> (main) [org.jboss.ejb.EjbModule] Deploying CheckStudyPatient
2025-01-22 17:50:45,156 INFO  -> (main) [org.jboss.ejb.EjbModule] Deploying StudyReconciliation
2025-01-22 17:50:45,158 INFO  -> (main) [org.jboss.ejb.EjbModule] Deploying ContentManager
2025-01-22 17:50:45,161 INFO  -> (main) [org.jboss.ejb.EjbModule] Deploying UserManager
2025-01-22 17:50:45,165 INFO  -> (main) [org.jboss.ejb.EjbModule] Deploying FixPatientAttributes
2025-01-22 17:50:45,168 INFO  -> (main) [org.jboss.ejb.EjbModule] Deploying StudyMgt
2025-01-22 17:50:45,172 INFO  -> (main) [org.jboss.ejb.EjbModule] Deploying AEManager
2025-01-22 17:50:45,174 INFO  -> (main) [org.jboss.ejb.EjbModule] Deploying CodeToDeviceMapping
2025-01-22 17:50:45,177 INFO  -> (main) [org.jboss.ejb.EjbModule] Deploying PatientUpdate
2025-01-22 17:50:45,179 INFO  -> (main) [org.jboss.ejb.EjbModule] Deploying MPPSManager
2025-01-22 17:50:45,182 INFO  -> (main) [org.jboss.ejb.EjbModule] Deploying MPPSEmulator
2025-01-22 17:50:45,185 INFO  -> (main) [org.jboss.ejb.EjbModule] Deploying ContentEdit
2025-01-22 17:50:45,188 INFO  -> (main) [org.jboss.ejb.EjbModule] Deploying MediaComposer
2025-01-22 17:50:45,191 INFO  -> (main) [org.jboss.ejb.EjbModule] Deploying FileSystemMgt
2025-01-22 17:50:45,193 INFO  -> (main) [org.jboss.ejb.EjbModule] Deploying Storage
2025-01-22 17:50:45,196 INFO  -> (main) [org.jboss.ejb.EjbModule] Deploying MWLManager
2025-01-22 17:50:45,198 INFO  -> (main) [org.jboss.ejb.EjbModule] Deploying GPWLManager
2025-01-22 17:50:45,589 DEBUG -> (main) [MWLItem] created-time: [JDBCCMPFieldMetaData : fieldName=createdTime, [JDBCEntityMetaData : entityName=MWLItem]]
2025-01-22 17:50:45,589 DEBUG -> (main) [MWLItem] updated-time: [JDBCCMPFieldMetaData : fieldName=updatedTime, [JDBCEntityMetaData : entityName=MWLItem]]
2025-01-22 17:50:45,591 DEBUG -> (main) [Study] created-time: [JDBCCMPFieldMetaData : fieldName=createdTime, [JDBCEntityMetaData : entityName=Study]]
2025-01-22 17:50:45,591 DEBUG -> (main) [Study] updated-time: [JDBCCMPFieldMetaData : fieldName=updatedTime, [JDBCEntityMetaData : entityName=Study]]
2025-01-22 17:50:45,593 DEBUG -> (main) [Series] created-time: [JDBCCMPFieldMetaData : fieldName=createdTime, [JDBCEntityMetaData : entityName=Series]]
2025-01-22 17:50:45,593 DEBUG -> (main) [Series] updated-time: [JDBCCMPFieldMetaData : fieldName=updatedTime, [JDBCEntityMetaData : entityName=Series]]
2025-01-22 17:50:45,594 DEBUG -> (main) [MPPS] created-time: [JDBCCMPFieldMetaData : fieldName=createdTime, [JDBCEntityMetaData : entityName=MPPS]]
2025-01-22 17:50:45,594 DEBUG -> (main) [MPPS] updated-time: [JDBCCMPFieldMetaData : fieldName=updatedTime, [JDBCEntityMetaData : entityName=MPPS]]
2025-01-22 17:50:45,594 DEBUG -> (main) [File] created-time: [JDBCCMPFieldMetaData : fieldName=createdTime, [JDBCEntityMetaData : entityName=File]]
2025-01-22 17:50:45,597 DEBUG -> (main) [Instance] created-time: [JDBCCMPFieldMetaData : fieldName=createdTime, [JDBCEntityMetaData : entityName=Instance]]
2025-01-22 17:50:45,597 DEBUG -> (main) [Instance] updated-time: [JDBCCMPFieldMetaData : fieldName=updatedTime, [JDBCEntityMetaData : entityName=Instance]]
2025-01-22 17:50:45,598 DEBUG -> (main) [Patient] created-time: [JDBCCMPFieldMetaData : fieldName=createdTime, [JDBCEntityMetaData : entityName=Patient]]
2025-01-22 17:50:45,598 DEBUG -> (main) [Patient] updated-time: [JDBCCMPFieldMetaData : fieldName=updatedTime, [JDBCEntityMetaData : entityName=Patient]]
2025-01-22 17:50:45,600 DEBUG -> (main) [Media] created-time: [JDBCCMPFieldMetaData : fieldName=createdTime, [JDBCEntityMetaData : entityName=Media]]
2025-01-22 17:50:45,600 DEBUG -> (main) [Media] updated-time: [JDBCCMPFieldMetaData : fieldName=updatedTime, [JDBCEntityMetaData : entityName=Media]]
2025-01-22 17:50:45,602 DEBUG -> (main) [GPPPS] created-time: [JDBCCMPFieldMetaData : fieldName=createdTime, [JDBCEntityMetaData : entityName=GPPPS]]
2025-01-22 17:50:45,602 DEBUG -> (main) [GPPPS] updated-time: [JDBCCMPFieldMetaData : fieldName=updatedTime, [JDBCEntityMetaData : entityName=GPPPS]]
2025-01-22 17:50:45,987 INFO  -> (main) [org.jboss.ejb.plugins.local.BaseLocalProxyFactory] Bound EJB LocalHome 'MWLItem' to jndi 'ejb/MWLItem'
2025-01-22 17:50:45,993 INFO  -> (main) [org.jboss.ejb.plugins.local.BaseLocalProxyFactory] Bound EJB LocalHome 'Device' to jndi 'ejb/Device'
2025-01-22 17:50:45,997 INFO  -> (main) [org.jboss.ejb.plugins.local.BaseLocalProxyFactory] Bound EJB LocalHome 'AE' to jndi 'ejb/AE'
2025-01-22 17:50:46,003 INFO  -> (main) [org.jboss.ejb.plugins.local.BaseLocalProxyFactory] Bound EJB LocalHome 'Study' to jndi 'ejb/Study'
2025-01-22 17:50:46,009 INFO  -> (main) [org.jboss.ejb.plugins.local.BaseLocalProxyFactory] Bound EJB LocalHome 'Series' to jndi 'ejb/Series'
2025-01-22 17:50:46,013 INFO  -> (main) [org.jboss.ejb.plugins.local.BaseLocalProxyFactory] Bound EJB LocalHome 'HPDefinition' to jndi 'ejb/HPDefinition'
2025-01-22 17:50:46,019 INFO  -> (main) [org.jboss.ejb.plugins.local.BaseLocalProxyFactory] Bound EJB LocalHome 'MPPS' to jndi 'ejb/MPPS'
2025-01-22 17:50:46,026 INFO  -> (main) [org.jboss.ejb.plugins.local.BaseLocalProxyFactory] Bound EJB LocalHome 'File' to jndi 'ejb/File'
2025-01-22 17:50:46,031 INFO  -> (main) [org.jboss.ejb.plugins.local.BaseLocalProxyFactory] Bound EJB LocalHome 'GPSPSRequest' to jndi 'ejb/GPSPSRequest'
2025-01-22 17:50:46,038 INFO  -> (main) [org.jboss.ejb.plugins.local.BaseLocalProxyFactory] Bound EJB LocalHome 'GPSPS' to jndi 'ejb/GPSPS'
2025-01-22 17:50:46,044 INFO  -> (main) [org.jboss.ejb.plugins.local.BaseLocalProxyFactory] Bound EJB LocalHome 'FileSystem' to jndi 'ejb/FileSystem'
2025-01-22 17:50:46,052 INFO  -> (main) [org.jboss.ejb.plugins.local.BaseLocalProxyFactory] Bound EJB LocalHome 'Instance' to jndi 'ejb/Instance'
2025-01-22 17:50:46,058 INFO  -> (main) [org.jboss.ejb.plugins.local.BaseLocalProxyFactory] Bound EJB LocalHome 'PrivateSeries' to jndi 'ejb/PrivateSeries'
2025-01-22 17:50:46,063 INFO  -> (main) [org.jboss.ejb.plugins.local.BaseLocalProxyFactory] Bound EJB LocalHome 'SeriesRequest' to jndi 'ejb/SeriesRequest'
2025-01-22 17:50:46,069 INFO  -> (main) [org.jboss.ejb.plugins.local.BaseLocalProxyFactory] Bound EJB LocalHome 'Patient' to jndi 'ejb/Patient'
2025-01-22 17:50:46,075 INFO  -> (main) [org.jboss.ejb.plugins.local.BaseLocalProxyFactory] Bound EJB LocalHome 'HP' to jndi 'ejb/HP'
2025-01-22 17:50:46,080 INFO  -> (main) [org.jboss.ejb.plugins.local.BaseLocalProxyFactory] Bound EJB LocalHome 'PrivatePatient' to jndi 'ejb/PrivatePatient'
2025-01-22 17:50:46,084 INFO  -> (main) [org.jboss.ejb.plugins.local.BaseLocalProxyFactory] Bound EJB LocalHome 'StudyOnFileSystem' to jndi 'ejb/StudyOnFileSystem'
2025-01-22 17:50:46,089 INFO  -> (main) [org.jboss.ejb.plugins.local.BaseLocalProxyFactory] Bound EJB LocalHome 'Media' to jndi 'ejb/Media'
2025-01-22 17:50:46,093 INFO  -> (main) [org.jboss.ejb.plugins.local.BaseLocalProxyFactory] Bound EJB LocalHome 'PrivateInstance' to jndi 'ejb/PrivateInstance'
2025-01-22 17:50:46,097 INFO  -> (main) [org.jboss.ejb.plugins.local.BaseLocalProxyFactory] Bound EJB LocalHome 'PrivateStudy' to jndi 'ejb/PrivateStudy'
2025-01-22 17:50:46,100 INFO  -> (main) [org.jboss.ejb.plugins.local.BaseLocalProxyFactory] Bound EJB LocalHome 'GPSPSPerformer' to jndi 'ejb/GPSPSPerformer'
2025-01-22 17:50:46,104 INFO  -> (main) [org.jboss.ejb.plugins.local.BaseLocalProxyFactory] Bound EJB LocalHome 'Code' to jndi 'ejb/Code'
2025-01-22 17:50:46,108 INFO  -> (main) [org.jboss.ejb.plugins.local.BaseLocalProxyFactory] Bound EJB LocalHome 'GPPPS' to jndi 'ejb/GPPPS'
2025-01-22 17:50:46,112 INFO  -> (main) [org.jboss.ejb.plugins.local.BaseLocalProxyFactory] Bound EJB LocalHome 'PrivateFile' to jndi 'ejb/PrivateFile'
2025-01-22 17:50:46,126 INFO  -> (main) [org.jboss.proxy.ejb.ProxyFactory] Bound EJB Home 'GPPPSManager' to jndi 'ejb/GPPPSManager'
2025-01-22 17:50:46,132 INFO  -> (main) [org.jboss.proxy.ejb.ProxyFactory] Bound EJB Home 'HPStorage' to jndi 'ejb/HPStorage'
2025-01-22 17:50:46,140 INFO  -> (main) [org.jboss.proxy.ejb.ProxyFactory] Bound EJB Home 'PrivateManager' to jndi 'ejb/PrivateManager'
2025-01-22 17:50:46,145 INFO  -> (main) [org.jboss.proxy.ejb.ProxyFactory] Bound EJB Home 'ConsistencyCheck' to jndi 'ejb/ConsistencyCheck'
2025-01-22 17:50:46,149 INFO  -> (main) [org.jboss.ejb.plugins.local.BaseLocalProxyFactory] Bound EJB LocalHome 'CheckStudyPatient' to jndi 'CheckStudyPatientLocal'
2025-01-22 17:50:46,153 INFO  -> (main) [org.jboss.proxy.ejb.ProxyFactory] Bound EJB Home 'CheckStudyPatient' to jndi 'ejb/CheckStudyPatient'
2025-01-22 17:50:46,159 INFO  -> (main) [org.jboss.proxy.ejb.ProxyFactory] Bound EJB Home 'StudyReconciliation' to jndi 'ejb/StudyReconciliation'
2025-01-22 17:50:46,168 INFO  -> (main) [org.jboss.proxy.ejb.ProxyFactory] Bound EJB Home 'ContentManager' to jndi 'ejb/ContentManager'
2025-01-22 17:50:46,176 INFO  -> (main) [org.jboss.proxy.ejb.ProxyFactory] Bound EJB Home 'UserManager' to jndi 'ejb/UserManager'
2025-01-22 17:50:46,181 INFO  -> (main) [org.jboss.proxy.ejb.ProxyFactory] Bound EJB Home 'FixPatientAttributes' to jndi 'ejb/FixPatientAttributes'
2025-01-22 17:50:46,188 INFO  -> (main) [org.jboss.proxy.ejb.ProxyFactory] Bound EJB Home 'StudyMgt' to jndi 'ejb/StudyMgt'
2025-01-22 17:50:46,197 INFO  -> (main) [org.jboss.proxy.ejb.ProxyFactory] Bound EJB Home 'AEManager' to jndi 'ejb/AEManager'
2025-01-22 17:50:46,204 INFO  -> (main) [org.jboss.proxy.ejb.ProxyFactory] Bound EJB Home 'CodeToDeviceMapping' to jndi 'ejb/CodeToDeviceMapping'
2025-01-22 17:50:46,209 INFO  -> (main) [org.jboss.ejb.plugins.local.BaseLocalProxyFactory] Bound EJB LocalHome 'PatientUpdate' to jndi 'PatientUpdateLocal'
2025-01-22 17:50:46,214 INFO  -> (main) [org.jboss.proxy.ejb.ProxyFactory] Bound EJB Home 'PatientUpdate' to jndi 'ejb/PatientUpdate'
2025-01-22 17:50:46,222 INFO  -> (main) [org.jboss.proxy.ejb.ProxyFactory] Bound EJB Home 'MPPSManager' to jndi 'ejb/MPPSManager'
2025-01-22 17:50:46,229 INFO  -> (main) [org.jboss.proxy.ejb.ProxyFactory] Bound EJB Home 'MPPSEmulator' to jndi 'ejb/MPPSEmulator'
2025-01-22 17:50:46,235 INFO  -> (main) [org.jboss.ejb.plugins.local.BaseLocalProxyFactory] Bound EJB LocalHome 'ContentEdit' to jndi 'ContentEditLocal'
2025-01-22 17:50:46,241 INFO  -> (main) [org.jboss.proxy.ejb.ProxyFactory] Bound EJB Home 'ContentEdit' to jndi 'ejb/ContentEdit'
2025-01-22 17:50:46,249 INFO  -> (main) [org.jboss.proxy.ejb.ProxyFactory] Bound EJB Home 'MediaComposer' to jndi 'ejb/MediaComposer'
2025-01-22 17:50:46,262 INFO  -> (main) [org.jboss.proxy.ejb.ProxyFactory] Bound EJB Home 'FileSystemMgt' to jndi 'ejb/FileSystemMgt'
2025-01-22 17:50:46,263 INFO  -> (main) [org.dcm4chex.archive.mbean.SchedulerService] Start Scheduler CheckFreeDiskSpace with period of 300000ms in 1 s.
2025-01-22 17:50:46,265 INFO  -> (main) [org.dcm4chex.archive.mbean.SchedulerService] Start Scheduler CheckFilesToPurge with period of 60000ms in 1 s.
2025-01-22 17:50:46,277 INFO  -> (main) [org.jboss.proxy.ejb.ProxyFactory] Bound EJB Home 'Storage' to jndi 'ejb/Storage'
2025-01-22 17:50:46,306 DEBUG -> (main) [org.amma.aitf.his.ResourceLoader] Trying to find [his_config/license.lic] using context classloader org.jboss.mx.loading.UnifiedClassLoader3@10f1f34a{ url=null ,addedOrder=24}.
2025-01-22 17:50:46,563 DEBUG -> (main) [org.amma.aitf.his.ResourceLoader] Trying to find [his_config/publicCerts.store] using context classloader org.jboss.mx.loading.UnifiedClassLoader3@10f1f34a{ url=null ,addedOrder=24}.
2025-01-22 17:50:46,591 INFO  -> (main) [STDOUT] install license certificate
2025-01-22 17:50:46,598 DEBUG -> (main) [org.amma.aitf.his.ResourceLoader] Trying to find [his_config/publicCerts.store] using context classloader org.jboss.mx.loading.UnifiedClassLoader3@10f1f34a{ url=null ,addedOrder=24}.
2025-01-22 17:50:46,616 INFO  -> (main) [STDOUT] License for validity period is Present ............
2025-01-22 17:50:46,660 INFO  -> (main) [STDOUT]  License present..... !!Mac address is 6a:50:f4:29:fb:81
2025-01-22 17:50:46,660 INFO  -> (main) [STDOUT] LicenseServlet:: License valid till 6/2/2026
2025-01-22 17:50:46,660 DEBUG -> (main) [org.amma.aitf.his.ResourceLoader] Trying to find [his_config/his-config.properties] using context classloader org.jboss.mx.loading.UnifiedClassLoader3@10f1f34a{ url=null ,addedOrder=24}.
2025-01-22 17:50:46,661 INFO  -> (main) [STDOUT] Loaded his-config.properties properties file from : /home/ahis/AmritaPACS_2/jboss-4.0.5.GA/server/apacs/conf/his_config/his-config.properties
2025-01-22 17:50:46,661 INFO  -> (main) [org.amma.aitf.his.ResourceLoader] Loaded his-config.properties properties file from : /home/ahis/AmritaPACS_2/jboss-4.0.5.GA/server/apacs/conf/his_config/his-config.properties
2025-01-22 17:50:46,664 INFO  -> (main) [STDOUT] License Present for all users ............
2025-01-22 17:50:46,665 INFO  -> (main) [org.dcm4chex.archive.util.Util] License Present for Amrita PACS ............
2025-01-22 17:50:46,665 INFO  -> (main) [org.dcm4cheri.server.ServerImpl] Start Server listening at port 104
2025-01-22 17:50:46,683 INFO  -> (main) [org.dcm4chex.archive.mbean.SchedulerService] Start Scheduler CheckSeriesWithoutMPPS with period of 30000ms in 1 s.
2025-01-22 17:50:46,695 DEBUG -> (main) [org.amma.aitf.his.ResourceLoader] Trying to find [his_config/license.lic] using context classloader org.jboss.mx.loading.UnifiedClassLoader3@6fe22c75{ url=null ,addedOrder=25}.
2025-01-22 17:50:46,702 DEBUG -> (main) [org.amma.aitf.his.ResourceLoader] Trying to find [his_config/publicCerts.store] using context classloader org.jboss.mx.loading.UnifiedClassLoader3@6fe22c75{ url=null ,addedOrder=25}.
2025-01-22 17:50:46,707 INFO  -> (main) [STDOUT] install license certificate
2025-01-22 17:50:46,715 DEBUG -> (main) [org.amma.aitf.his.ResourceLoader] Trying to find [his_config/publicCerts.store] using context classloader org.jboss.mx.loading.UnifiedClassLoader3@6fe22c75{ url=null ,addedOrder=25}.
2025-01-22 17:50:46,727 INFO  -> (main) [STDOUT] License for validity period is Present ............
2025-01-22 17:50:46,764 INFO  -> (main) [STDOUT]  License present..... !!Mac address is 6a:50:f4:29:fb:81
2025-01-22 17:50:46,765 INFO  -> (main) [STDOUT] LicenseServlet:: License valid till 6/2/2026
2025-01-22 17:50:46,765 INFO  -> (main) [STDOUT] License Present for all users ............
2025-01-22 17:50:46,765 INFO  -> (main) [org.dcm4chex.archive.util.Util] License Present for Amrita PACS ............
2025-01-22 17:50:46,765 INFO  -> (main) [org.dcm4cheri.server.ServerImpl] Start Server listening at port 3320
2025-01-22 17:50:46,774 INFO  -> (main) [org.jboss.proxy.ejb.ProxyFactory] Bound EJB Home 'MWLManager' to jndi 'ejb/MWLManager'
2025-01-22 17:50:46,776 INFO  -> (main) [org.dcm4cheri.server.ServerImpl] Start Server listening at port 2575
2025-01-22 17:50:46,783 INFO  -> (main) [org.dcm4chex.archive.mbean.SchedulerService] Start Scheduler CheckPendingSeriesStored with period of 3600000ms in 1 s.
2025-01-22 17:50:46,799 INFO  -> (main) [org.jboss.proxy.ejb.ProxyFactory] Bound EJB Home 'GPWLManager' to jndi 'ejb/GPWLManager'
2025-01-22 17:50:46,804 INFO  -> (main) [org.jboss.ejb.EJBDeployer] Deployed: file:/home/ahis/AmritaPACS_2/jboss-4.0.5.GA/server/apacs/deploy/dcm4chee-ejb-mysql.jar
2025-01-22 17:50:46,884 INFO  -> (main) [org.jboss.web.tomcat.tc5.TomcatDeployer] deploy, ctxPath=/dcm4chee-arr, warUrl=.../tmp/deploy/tmp8222015184198395209dcm4chee-arr-exp.war/
2025-01-22 17:50:47,048 INFO  -> (main) [org.jboss.web.tomcat.tc5.TomcatDeployer] deploy, ctxPath=/dcm4chee-web, warUrl=.../tmp/deploy/tmp1499348533316973366dcm4chee-web-exp.war/
2025-01-22 17:50:47,087 INFO  -> (main) [org.infohazard.maverick.Dispatcher] Starting configuration load
2025-01-22 17:50:47,091 INFO  -> (main) [org.infohazard.maverick.Dispatcher] Loading config from jndi:/localhost/dcm4chee-web/WEB-INF/maverick.xml
2025-01-22 17:50:47,126 INFO  -> (main) [org.infohazard.maverick.flow.MasterFactory] Transform factory for "document" is org.infohazard.maverick.transform.DocumentTransformFactory
2025-01-22 17:50:47,127 INFO  -> (main) [org.infohazard.maverick.flow.MasterFactory] Transform factory for "xslt" is org.infohazard.maverick.transform.XSLTransformFactory
2025-01-22 17:50:47,128 INFO  -> (main) [org.infohazard.maverick.flow.MasterFactory] View factory for "document" is org.infohazard.maverick.view.DocumentViewFactory
2025-01-22 17:50:47,128 INFO  -> (main) [org.infohazard.maverick.flow.MasterFactory] View factory for "redirect" is org.infohazard.maverick.view.RedirectViewFactory
2025-01-22 17:50:47,129 INFO  -> (main) [org.infohazard.maverick.flow.MasterFactory] View factory for "trivial" is org.infohazard.maverick.view.TrivialViewFactory
2025-01-22 17:50:47,129 INFO  -> (main) [org.infohazard.maverick.flow.MasterFactory] View factory for "null" is org.infohazard.maverick.view.NullViewFactory
2025-01-22 17:50:47,142 INFO  -> (main) [org.infohazard.maverick.flow.MasterFactory] View factory for "domify" is org.infohazard.maverick.opt.view.DomifyViewFactory
2025-01-22 17:50:47,144 INFO  -> (main) [org.infohazard.maverick.flow.Loader] Using shunt factory org.dcm4chex.archive.web.maverick.shunt.LanguageShuntFactory
2025-01-22 17:50:47,281 INFO  -> (Timer-2) [org.dcm4chex.archive.mbean.FileSystemMgtService] Check available Disk Space
2025-01-22 17:50:47,352 INFO  -> (Timer-2) [org.dcm4chex.archive.mbean.FileSystemMgtService] Check for unreferenced private files to delete
2025-01-22 17:50:47,423 ERROR -> (main) [STDERR] SystemId Unknown; Line #653; Column #62; Extra illegal tokens: 'esentationDescription'
2025-01-22 17:50:47,438 INFO  -> (main) [org.infohazard.maverick.flow.Loader] Creating command:  folder
2025-01-22 17:50:47,443 INFO  -> (main) [org.infohazard.maverick.flow.ViewRegistry] Has view named:  folder
2025-01-22 17:50:47,444 INFO  -> (main) [org.infohazard.maverick.flow.ViewRegistry] Has view named:  logout
2025-01-22 17:50:47,448 INFO  -> (main) [org.infohazard.maverick.flow.Loader] Creating command:  foldersubmit
2025-01-22 17:50:47,449 INFO  -> (main) [org.infohazard.maverick.flow.ViewRegistry] Has view named:  folder
2025-01-22 17:50:47,449 INFO  -> (main) [org.infohazard.maverick.flow.ViewRegistry] Has view named:  merge
2025-01-22 17:50:47,464 INFO  -> (main) [org.infohazard.maverick.flow.ViewRegistry] Has view named:  worklist
2025-01-22 17:50:47,477 INFO  -> (main) [org.infohazard.maverick.flow.ViewRegistry] Has view named:  logout
2025-01-22 17:50:47,477 INFO  -> (main) [org.infohazard.maverick.flow.ViewRegistry] Has view named:  exportSelector
2025-01-22 17:50:47,478 INFO  -> (main) [org.infohazard.maverick.flow.ViewRegistry] Has view named:  xdsi_export
2025-01-22 17:50:47,479 INFO  -> (main) [org.infohazard.maverick.flow.Loader] Creating command:  expandPat
2025-01-22 17:50:47,479 INFO  -> (main) [org.infohazard.maverick.flow.ViewRegistry] Has view named:  success
2025-01-22 17:50:47,480 INFO  -> (main) [org.infohazard.maverick.flow.Loader] Creating command:  expandStudy
2025-01-22 17:50:47,481 INFO  -> (main) [org.infohazard.maverick.flow.ViewRegistry] Has view named:  success
2025-01-22 17:50:47,482 INFO  -> (main) [org.infohazard.maverick.flow.Loader] Creating command:  expandSeries
2025-01-22 17:50:47,482 INFO  -> (main) [org.infohazard.maverick.flow.ViewRegistry] Has view named:  success
2025-01-22 17:50:47,482 INFO  -> (main) [org.infohazard.maverick.flow.Loader] Creating command:  expandInstance
2025-01-22 17:50:47,483 INFO  -> (main) [org.infohazard.maverick.flow.ViewRegistry] Has view named:  success
2025-01-22 17:50:47,483 INFO  -> (main) [org.infohazard.maverick.flow.Loader] Creating command:  patientEdit
2025-01-22 17:50:47,484 INFO  -> (main) [org.infohazard.maverick.flow.ViewRegistry] Has view named:  success
2025-01-22 17:50:47,499 INFO  -> (main) [org.infohazard.maverick.flow.Loader] Creating command:  patientUpdate
2025-01-22 17:50:47,500 INFO  -> (main) [org.infohazard.maverick.flow.ViewRegistry] Has view named:  success
2025-01-22 17:50:47,501 INFO  -> (main) [org.infohazard.maverick.flow.ViewRegistry] Has view named:  error
2025-01-22 17:50:47,501 INFO  -> (main) [org.infohazard.maverick.flow.Loader] Creating command:  patientMerge
2025-01-22 17:50:47,502 INFO  -> (main) [org.infohazard.maverick.flow.ViewRegistry] Has view named:  success
2025-01-22 17:50:47,502 INFO  -> (main) [org.infohazard.maverick.flow.ViewRegistry] Has view named:  mpps_link
2025-01-22 17:50:47,502 INFO  -> (main) [org.infohazard.maverick.flow.ViewRegistry] Has view named:  error
2025-01-22 17:50:47,502 INFO  -> (main) [org.infohazard.maverick.flow.Loader] Creating command:  studyEdit
2025-01-22 17:50:47,503 INFO  -> (main) [org.infohazard.maverick.flow.ViewRegistry] Has view named:  success
2025-01-22 17:50:47,517 INFO  -> (main) [org.infohazard.maverick.flow.Loader] Creating command:  studyView
2025-01-22 17:50:47,518 INFO  -> (main) [org.infohazard.maverick.flow.ViewRegistry] Has view named:  success
2025-01-22 17:50:47,525 INFO  -> (main) [org.infohazard.maverick.flow.ViewRegistry] Has view named:  select
2025-01-22 17:50:47,525 INFO  -> (main) [org.infohazard.maverick.flow.Loader] Creating command:  koView
2025-01-22 17:50:47,526 INFO  -> (main) [org.infohazard.maverick.flow.ViewRegistry] Has view named:  success
2025-01-22 17:50:47,532 INFO  -> (main) [org.infohazard.maverick.flow.Loader] Creating command:  addWorklist
2025-01-22 17:50:47,533 INFO  -> (main) [org.infohazard.maverick.flow.ViewRegistry] Has view named:  success
2025-01-22 17:50:47,545 INFO  -> (main) [org.infohazard.maverick.flow.ViewRegistry] Has view named:  cancel
2025-01-22 17:50:47,545 INFO  -> (main) [org.infohazard.maverick.flow.ViewRegistry] Has view named:  folder
2025-01-22 17:50:47,545 INFO  -> (main) [org.infohazard.maverick.flow.Loader] Creating command:  studyUpdate
2025-01-22 17:50:47,546 INFO  -> (main) [org.infohazard.maverick.flow.ViewRegistry] Has view named:  success
2025-01-22 17:50:47,547 INFO  -> (main) [org.infohazard.maverick.flow.Loader] Creating command:  seriesEdit
2025-01-22 17:50:47,547 INFO  -> (main) [org.infohazard.maverick.flow.ViewRegistry] Has view named:  success
2025-01-22 17:50:47,563 INFO  -> (main) [org.infohazard.maverick.flow.Loader] Creating command:  seriesUpdate
2025-01-22 17:50:47,564 INFO  -> (main) [org.infohazard.maverick.flow.ViewRegistry] Has view named:  success
2025-01-22 17:50:47,564 INFO  -> (main) [org.infohazard.maverick.flow.Loader] Creating command:  trashfolder
2025-01-22 17:50:47,565 INFO  -> (main) [org.infohazard.maverick.flow.ViewRegistry] Has view named:  trash
2025-01-22 17:50:47,565 INFO  -> (main) [org.infohazard.maverick.flow.ViewRegistry] Has view named:  folder
2025-01-22 17:50:47,565 INFO  -> (main) [org.infohazard.maverick.flow.ViewRegistry] Has view named:  logout
2025-01-22 17:50:47,565 INFO  -> (main) [org.infohazard.maverick.flow.Loader] Creating command:  expandTrashPatient
2025-01-22 17:50:47,566 INFO  -> (main) [org.infohazard.maverick.flow.ViewRegistry] Has view named:  success
2025-01-22 17:50:47,566 INFO  -> (main) [org.infohazard.maverick.flow.Loader] Creating command:  expandTrashStudy
2025-01-22 17:50:47,566 INFO  -> (main) [org.infohazard.maverick.flow.ViewRegistry] Has view named:  success
2025-01-22 17:50:47,566 INFO  -> (main) [org.infohazard.maverick.flow.Loader] Creating command:  expandTrashSeries
2025-01-22 17:50:47,567 INFO  -> (main) [org.infohazard.maverick.flow.ViewRegistry] Has view named:  success
2025-01-22 17:50:47,567 INFO  -> (main) [org.infohazard.maverick.flow.Loader] Creating command:  expandTrashInstance
2025-01-22 17:50:47,567 INFO  -> (main) [org.infohazard.maverick.flow.ViewRegistry] Has view named:  success
2025-01-22 17:50:47,567 INFO  -> (main) [org.infohazard.maverick.flow.Loader] Creating command:  ae
2025-01-22 17:50:47,568 INFO  -> (main) [org.infohazard.maverick.flow.ViewRegistry] Has view named:  success
2025-01-22 17:50:47,582 INFO  -> (main) [org.infohazard.maverick.flow.Loader] Creating command:  aeedit
2025-01-22 17:50:47,583 INFO  -> (main) [org.infohazard.maverick.flow.ViewRegistry] Has view named:  success
2025-01-22 17:50:47,597 INFO  -> (main) [org.infohazard.maverick.flow.ViewRegistry] Has view named:  failed
2025-01-22 17:50:47,597 INFO  -> (main) [org.infohazard.maverick.flow.ViewRegistry] Has view named:  error
2025-01-22 17:50:47,597 INFO  -> (main) [org.infohazard.maverick.flow.Loader] Creating command:  aeeditsubmit
2025-01-22 17:50:47,598 INFO  -> (main) [org.infohazard.maverick.flow.ViewRegistry] Has view named:  success
2025-01-22 17:50:47,598 INFO  -> (main) [org.infohazard.maverick.flow.ViewRegistry] Has view named:  failed
2025-01-22 17:50:47,598 INFO  -> (main) [org.infohazard.maverick.flow.ViewRegistry] Has view named:  error
2025-01-22 17:50:47,598 INFO  -> (main) [org.infohazard.maverick.flow.Loader] Creating command:  aenew
2025-01-22 17:50:47,599 INFO  -> (main) [org.infohazard.maverick.flow.ViewRegistry] Has view named:  success
2025-01-22 17:50:47,611 INFO  -> (main) [org.infohazard.maverick.flow.ViewRegistry] Has view named:  failed
2025-01-22 17:50:47,611 INFO  -> (main) [org.infohazard.maverick.flow.ViewRegistry] Has view named:  error
2025-01-22 17:50:47,611 INFO  -> (main) [org.infohazard.maverick.flow.Loader] Creating command:  aenewsubmit
2025-01-22 17:50:47,612 INFO  -> (main) [org.infohazard.maverick.flow.ViewRegistry] Has view named:  success
2025-01-22 17:50:47,612 INFO  -> (main) [org.infohazard.maverick.flow.ViewRegistry] Has view named:  failed
2025-01-22 17:50:47,613 INFO  -> (main) [org.infohazard.maverick.flow.ViewRegistry] Has view named:  error
2025-01-22 17:50:47,613 INFO  -> (main) [org.infohazard.maverick.flow.Loader] Creating command:  aedelete
2025-01-22 17:50:47,613 INFO  -> (main) [org.infohazard.maverick.flow.ViewRegistry] Has view named:  success
2025-01-22 17:50:47,613 INFO  -> (main) [org.infohazard.maverick.flow.ViewRegistry] Has view named:  error
2025-01-22 17:50:47,613 INFO  -> (main) [org.infohazard.maverick.flow.Loader] Creating command:  aeecho
2025-01-22 17:50:47,614 INFO  -> (main) [org.infohazard.maverick.flow.ViewRegistry] Has view named:  echoresult
2025-01-22 17:50:47,617 INFO  -> (main) [org.infohazard.maverick.flow.ViewRegistry] Has view named:  error
2025-01-22 17:50:47,618 INFO  -> (main) [org.infohazard.maverick.flow.Loader] Creating command:  mcm_console
2025-01-22 17:50:47,619 INFO  -> (main) [org.infohazard.maverick.flow.ViewRegistry] Has view named:  success
2025-01-22 17:50:47,639 INFO  -> (main) [org.infohazard.maverick.flow.Loader] Creating command:  mwl_console
2025-01-22 17:50:47,640 INFO  -> (main) [org.infohazard.maverick.flow.ViewRegistry] Has view named:  success
2025-01-22 17:50:47,664 INFO  -> (main) [org.infohazard.maverick.flow.ViewRegistry] Has view named:  cancelLink
2025-01-22 17:50:47,664 INFO  -> (main) [org.infohazard.maverick.flow.ViewRegistry] Has view named:  linkDone
2025-01-22 17:50:47,664 INFO  -> (main) [org.infohazard.maverick.flow.ViewRegistry] Has view named:  mergePatient
2025-01-22 17:50:47,678 INFO  -> (main) [org.infohazard.maverick.flow.ViewRegistry] Has view named:  inspect
2025-01-22 17:50:47,678 INFO  -> (main) [org.infohazard.maverick.flow.Loader] Creating command:  mpps_console
2025-01-22 17:50:47,679 INFO  -> (main) [org.infohazard.maverick.flow.ViewRegistry] Has view named:  success
2025-01-22 17:50:47,683 INFO  -> (Timer-2) [org.dcm4chex.archive.dcm.mppsscu.MPPSEmulatorService] Check for received series without MPPS
2025-01-22 17:50:47,705 INFO  -> (main) [org.infohazard.maverick.flow.ViewRegistry] Has view named:  error
2025-01-22 17:50:47,725 INFO  -> (main) [org.infohazard.maverick.flow.ViewRegistry] Has view named:  link
2025-01-22 17:50:47,726 INFO  -> (main) [org.infohazard.maverick.flow.ViewRegistry] Has view named:  inspect
2025-01-22 17:50:47,726 INFO  -> (main) [org.infohazard.maverick.flow.Loader] Creating command:  gpwl_console
2025-01-22 17:50:47,727 INFO  -> (main) [org.infohazard.maverick.flow.ViewRegistry] Has view named:  success
2025-01-22 17:50:47,746 INFO  -> (main) [org.infohazard.maverick.flow.ViewRegistry] Has view named:  linkDone
2025-01-22 17:50:47,746 INFO  -> (main) [org.infohazard.maverick.flow.ViewRegistry] Has view named:  inspect
2025-01-22 17:50:47,746 INFO  -> (main) [org.infohazard.maverick.flow.Loader] Creating command:  gppps_console
2025-01-22 17:50:47,747 INFO  -> (main) [org.infohazard.maverick.flow.ViewRegistry] Has view named:  success
2025-01-22 17:50:47,763 INFO  -> (main) [org.infohazard.maverick.flow.ViewRegistry] Has view named:  link
2025-01-22 17:50:47,763 INFO  -> (main) [org.infohazard.maverick.flow.ViewRegistry] Has view named:  inspect
2025-01-22 17:50:47,763 INFO  -> (main) [org.infohazard.maverick.flow.Loader] Creating command:  useradmin_console
2025-01-22 17:50:47,765 INFO  -> (main) [org.infohazard.maverick.flow.ViewRegistry] Has view named:  userlist
2025-01-22 17:50:47,765 INFO  -> (main) [org.infohazard.maverick.flow.ViewRegistry] Has view named:  chgpwd
2025-01-22 17:50:47,765 INFO  -> (main) [org.infohazard.maverick.flow.Loader] Creating command:  user_list
2025-01-22 17:50:47,766 INFO  -> (main) [org.infohazard.maverick.flow.ViewRegistry] Has view named:  success
2025-01-22 17:50:47,777 INFO  -> (main) [org.infohazard.maverick.flow.Loader] Creating command:  user_chgpwd
2025-01-22 17:50:47,778 INFO  -> (main) [org.infohazard.maverick.flow.ViewRegistry] Has view named:  success
2025-01-22 17:50:47,784 INFO  -> (Timer-2) [org.dcm4chex.archive.dcm.storescp.StoreScpService] Check for Pending Series Stored
2025-01-22 17:50:47,788 INFO  -> (main) [org.infohazard.maverick.flow.Loader] Creating command:  user_chgpwdsubmit
2025-01-22 17:50:47,789 INFO  -> (main) [org.infohazard.maverick.flow.ViewRegistry] Has view named:  success
2025-01-22 17:50:47,790 INFO  -> (main) [org.infohazard.maverick.flow.ViewRegistry] Has view named:  chgpwd_error
2025-01-22 17:50:47,790 INFO  -> (main) [org.infohazard.maverick.flow.ViewRegistry] Has view named:  error
2025-01-22 17:50:47,792 INFO  -> (main) [org.infohazard.maverick.flow.Loader] Creating command:  user_edit
2025-01-22 17:50:47,793 INFO  -> (main) [org.infohazard.maverick.flow.ViewRegistry] Has view named:  success
2025-01-22 17:50:47,803 INFO  -> (main) [org.infohazard.maverick.flow.ViewRegistry] Has view named:  error
2025-01-22 17:50:47,804 INFO  -> (main) [org.infohazard.maverick.flow.Loader] Creating command:  user_editsubmit
2025-01-22 17:50:47,805 INFO  -> (main) [org.infohazard.maverick.flow.ViewRegistry] Has view named:  success
2025-01-22 17:50:47,805 INFO  -> (main) [org.infohazard.maverick.flow.ViewRegistry] Has view named:  passwd_mismatch
2025-01-22 17:50:47,805 INFO  -> (main) [org.infohazard.maverick.flow.ViewRegistry] Has view named:  error
2025-01-22 17:50:47,805 INFO  -> (main) [org.infohazard.maverick.flow.Loader] Creating command:  user_new
2025-01-22 17:50:47,806 INFO  -> (main) [org.infohazard.maverick.flow.ViewRegistry] Has view named:  success
2025-01-22 17:50:47,816 INFO  -> (main) [org.infohazard.maverick.flow.ViewRegistry] Has view named:  error
2025-01-22 17:50:47,817 INFO  -> (main) [org.infohazard.maverick.flow.Loader] Creating command:  user_delete
2025-01-22 17:50:47,817 INFO  -> (main) [org.infohazard.maverick.flow.ViewRegistry] Has view named:  success
2025-01-22 17:50:47,818 INFO  -> (main) [org.infohazard.maverick.flow.ViewRegistry] Has view named:  error
2025-01-22 17:50:47,818 INFO  -> (main) [org.infohazard.maverick.flow.Loader] Creating command:  tfSelector
2025-01-22 17:50:47,818 INFO  -> (main) [org.infohazard.maverick.flow.ViewRegistry] Has view named:  tfselect
2025-01-22 17:50:47,829 INFO  -> (main) [org.infohazard.maverick.flow.ViewRegistry] Has view named:  error
2025-01-22 17:50:47,840 INFO  -> (main) [org.infohazard.maverick.flow.ViewRegistry] Has view named:  success
2025-01-22 17:50:47,840 INFO  -> (main) [org.infohazard.maverick.flow.ViewRegistry] Has view named:  cancel
2025-01-22 17:50:47,840 INFO  -> (main) [org.infohazard.maverick.flow.Loader] Creating command:  xdsiExport
2025-01-22 17:50:47,841 INFO  -> (main) [org.infohazard.maverick.flow.ViewRegistry] Has view named:  xdsi_export
2025-01-22 17:50:47,851 INFO  -> (main) [org.infohazard.maverick.flow.ViewRegistry] Has view named:  error
2025-01-22 17:50:47,859 INFO  -> (main) [org.infohazard.maverick.flow.ViewRegistry] Has view named:  success
2025-01-22 17:50:47,860 INFO  -> (main) [org.infohazard.maverick.flow.ViewRegistry] Has view named:  cancel
2025-01-22 17:50:47,860 INFO  -> (main) [org.infohazard.maverick.flow.Loader] Creating command:  arr
2025-01-22 17:50:47,861 INFO  -> (main) [org.infohazard.maverick.flow.ViewRegistry] Has view named:  success
2025-01-22 17:50:47,869 INFO  -> (main) [org.infohazard.maverick.Dispatcher] Finished configuration load
2025-01-22 17:50:47,909 INFO  -> (main) [org.jboss.web.tomcat.tc5.TomcatDeployer] deploy, ctxPath=/jmx-console, warUrl=.../deploy/jmx-console.war/
2025-01-22 17:50:47,966 ERROR -> (main) [org.jboss.deployment.scanner.URLDeploymentScanner] Incomplete Deployment listing:

--- MBeans waiting for other MBeans ---
ObjectName: dcm4chee.audit:service=AuditRecordRepository
  State: FAILED
  Reason: javax.ejb.TransactionRolledbackLocalException: Error extracting generated keys
  I Depend On:
    jboss.j2ee:service=EJB,jndiName=ejb/AuditRecord
    jboss.j2ee:service=EJB,jndiName=ejb/StoreAuditRecord

--- MBEANS THAT ARE THE ROOT CAUSE OF THE PROBLEM ---
ObjectName: dcm4chee.audit:service=AuditRecordRepository
  State: FAILED
  Reason: javax.ejb.TransactionRolledbackLocalException: Error extracting generated keys
  I Depend On:
    jboss.j2ee:service=EJB,jndiName=ejb/AuditRecord
    jboss.j2ee:service=EJB,jndiName=ejb/StoreAuditRecord


2025-01-22 17:50:48,019 INFO  -> (main) [org.apache.coyote.http11.Http11BaseProtocol] Starting Coyote HTTP/1.1 on http-0.0.0.0-8180
2025-01-22 17:50:48,071 INFO  -> (main) [org.apache.jk.common.ChannelSocket] JK: ajp13 listening on /0.0.0.0:18009
2025-01-22 17:50:48,079 INFO  -> (main) [org.apache.jk.server.JkMain] Jk running ID=0 time=0/25  config=null
2025-01-22 17:50:48,089 INFO  -> (main) [org.jboss.system.server.Server] JBoss (MX MicroKernel) [4.0.5.GA (build: CVSTag=Branch_4_0 date=200610162339)] Started in 13s:140ms
2025-01-22 17:51:17,692 INFO  -> (Timer-2) [org.dcm4chex.archive.dcm.mppsscu.MPPSEmulatorService] Check for received series without MPPS
2025-01-22 17:51:47,366 INFO  -> (Timer-2) [org.dcm4chex.archive.mbean.FileSystemMgtService] Check for unreferenced private files to delete
2025-01-22 17:51:47,700 INFO  -> (Timer-2) [org.dcm4chex.archive.dcm.mppsscu.MPPSEmulatorService] Check for received series without MPPS
2025-01-22 17:52:17,712 INFO  -> (Timer-2) [org.dcm4chex.archive.dcm.mppsscu.MPPSEmulatorService] Check for received series without MPPS
